"../../../Engine/Content/EditorBlueprintResources/StandardMacros.uasset" 0
"../../../Engine/Content/ArtTools/RenderToTexture/Enums/EIntTypes.uasset" 1
"../../../Engine/Content/ArtTools/RenderToTexture/Macros/RenderToTextureFunctionLibrary.uasset" 2
"../../../Engine/Content/ArtTools/RenderToTexture/Enums/EFloatTypes.uasset" 3
"../../../Engine/Content/ArtTools/RenderToTexture/Macros/RenderToTextureMacros.uasset" 4
"../../../Engine/Content/Functions/Engine_MaterialFunctions01/Opacity/CameraDepthFade.uasset" 5
"../../../Engine/Content/EngineMaterials/T_Default_Material_Grid_M.uasset" 6
"../../../Engine/Content/EngineMaterials/T_Default_Material_Grid_N.uasset" 7
"../../../Engine/Content/EngineMaterials/WorldGridMaterial.uasset" 8
"../../../Engine/Content/ArtTools/RenderToTexture/Meshes/S_1_Unit_Plane.uasset" 9
"../../../Engine/Content/EngineMaterials/DefaultMaterial.uasset" 10
"../../../Engine/Content/BasicShapes/Cone.uasset" 11
"../../../Engine/Content/BasicShapes/Cube.uasset" 12
"../../../Engine/Content/BasicShapes/Plane.uasset" 13
"../../../Engine/Content/EngineMaterials/DefaultPhysicalMaterial.uasset" 14
"../../../Engine/Content/BufferVisualization/AmbientOcclusion.uasset" 15
"../../../Engine/Content/BufferVisualization/BaseColor.uasset" 16
"../../../Engine/Content/BufferVisualization/CustomDepth.uasset" 17
"../../../Engine/Content/Functions/Engine_MaterialFunctions02/Utility/VectorLength.uasset" 18
"../../../Engine/Content/BufferVisualization/CustomDepthWorldUnits.uasset" 19
"../../../Engine/Content/Functions/Engine_MaterialFunctions02/Utility/BreakOutFloat2Components.uasset" 20
"../../../Engine/Content/Functions/Engine_MaterialFunctions01/Texturing/ScaleUVsByCenter.uasset" 21
"../../../Engine/Content/Functions/Engine_MaterialFunctions02/ScreenResolution.uasset" 22
"../../../Engine/Content/Functions/Engine_MaterialFunctions02/Texturing/ScreenAlignedUVs.uasset" 23
"../../../Engine/Content/Functions/Engine_MaterialFunctions02/Utility/MakeFloat2.uasset" 24
"../../../Engine/Content/Functions/Engine_MaterialFunctions02/Utility/MakeFloat3.uasset" 25
"../../../Engine/Content/EngineMaterials/MiniFont.uasset" 26
"../../../Engine/Content/BufferVisualization/CustomStencil.uasset" 27
"../../../Engine/Content/BufferVisualization/FinalImage.uasset" 28
"../../../Engine/Content/BufferVisualization/LightingModel.uasset" 29
"../../../Engine/Content/BufferVisualization/MaterialAO.uasset" 30
"../../../Engine/Content/BufferVisualization/Metallic.uasset" 31
"../../../Engine/Content/BufferVisualization/Opacity.uasset" 32
"../../../Engine/Content/BufferVisualization/PostTonemapHDRColor.uasset" 33
"../../../Engine/Content/BufferVisualization/PreTonemapHDRColor.uasset" 34
"../../../Engine/Content/BufferVisualization/Roughness.uasset" 35
"../../../Engine/Content/BufferVisualization/SceneColor.uasset" 36
"../../../Engine/Content/BufferVisualization/SceneDepth.uasset" 37
"../../../Engine/Content/BufferVisualization/SceneDepthWorldUnits.uasset" 38
"../../../Engine/Content/BufferVisualization/SeparateTranslucencyA.uasset" 39
"../../../Engine/Content/BufferVisualization/SeparateTranslucencyRGB.uasset" 40
"../../../Engine/Content/BufferVisualization/Specular.uasset" 41
"../../../Engine/Content/BufferVisualization/SubsurfaceColor.uasset" 42
"../../../Engine/Content/BufferVisualization/Velocity.uasset" 43
"../../../Engine/Content/BufferVisualization/WorldNormal.uasset" 44
"../../../Engine/Content/EditorBlueprintResources/ActorMacros.uasset" 45
"../../../Engine/Content/EditorLandscapeResources/DataLayer.uasset" 46
"../../../Engine/Content/EditorLandscapeResources/DefaultAlphaTexture.uasset" 47
"../../../Engine/Content/EditorLandscapeResources/LandscapeGizmoHeight_Mat.uasset" 48
"../../../Engine/Content/EditorLandscapeResources/LandscapeGizmo_Mat.uasset" 49
"../../../Engine/Content/EditorLandscapeResources/LandscapeGizmo_Mat_Copied.uasset" 50
"../../../Engine/Content/EditorLandscapeResources/SplineEditorMeshMat.uasset" 51
"../../../Engine/Content/EditorLandscapeResources/SplineEditorMesh.uasset" 52
"../../../Engine/Content/EditorMaterials/Cross.uasset" 53
"../../../Engine/Content/EditorMaterials/Cross_Mat.uasset" 54
"../../../Engine/Content/EngineMaterials/DefaultDiffuse.uasset" 55
"../../../Engine/Content/Functions/Engine_MaterialFunctions01/Texturing/TextureCropping.uasset" 56
"../../../Engine/Content/Functions/Engine_MaterialFunctions01/Texturing/ComputeMipLevel.uasset" 57
"../../../Engine/Content/Functions/Engine_MaterialFunctions02/ExampleContent/DebugNumberStrip.uasset" 58
"../../../Engine/Content/Functions/Engine_MaterialFunctions02/ExampleContent/Textures/DebugNumberPeriod.uasset" 59
"../../../Engine/Content/Functions/Engine_MaterialFunctions02/Utility/DebugScalarValues.uasset" 60
"../../../Engine/Content/Functions/Engine_MaterialFunctions02/Utility/DebugFloat2Values.uasset" 61
"../../../Engine/Content/Functions/Engine_MaterialFunctions02/ExampleContent/Textures/flipbook.uasset" 62
"../../../Engine/Content/Functions/Engine_MaterialFunctions02/Texturing/FlipBook.uasset" 63
"../../../Engine/Content/Functions/Engine_MaterialFunctions02/Utility/Sign.uasset" 64
"../../../Engine/Content/Functions/Engine_MaterialFunctions02/Utility/Round.uasset" 65
"../../../Engine/Content/EditorResources/T_EditorHelp.uasset" 66
"../../../Engine/Content/EditorMaterials/HelpActorMaterial.uasset" 67
"../../../Engine/Content/EditorMaterials/CompositeARGBLayer.uasset" 68
"../../../Engine/Content/EditorMaterials/TilingAALineIntegral.uasset" 69
"../../../Engine/Content/EditorMaterials/TilingAALineBoxFiltered.uasset" 70
"../../../Engine/Content/Functions/Engine_MaterialFunctions03/Procedurals/ComputeFilterWidth.uasset" 71
"../../../Engine/Content/EditorMaterials/TilingAADots.uasset" 72
"../../../Engine/Content/EngineMaterials/BlendFunc_DefBase.uasset" 73
"../../../Engine/Content/EngineMaterials/BlendFunc_DefBlend.uasset" 74
"../../../Engine/Content/Functions/Engine_MaterialFunctions03/Blends/Blend_Screen.uasset" 75
"../../../Engine/Content/EditorMaterials/TilingAAGrid.uasset" 76
"../../../Engine/Content/EditorMaterials/LevelGridMaterial.uasset" 77
"../../../Engine/Content/EditorMaterials/MakeCompositeARGBLayer.uasset" 78
"../../../Engine/Content/EditorResources/LevelGrid1DStripes.uasset" 79
"../../../Engine/Content/EditorMaterials/TextureGridCascaded1D.uasset" 80
"../../../Engine/Content/EditorMaterials/TextureGridCascaded2D.uasset" 81
"../../../Engine/Content/EditorMaterials/LevelGridMaterial2.uasset" 82
"../../../Engine/Content/EditorMaterials/MAT_Groups_Toggle.uasset" 83
"../../../Engine/Content/EditorMaterials/MAT_Groups_Visibility.uasset" 84
"../../../Engine/Content/EditorMaterials/PhAT_BoneSelectedMaterial.uasset" 85
"../../../Engine/Content/EditorMaterials/PhAT_ElemSelectedMaterial.uasset" 86
"../../../Engine/Content/EditorMaterials/PhAT_NoCollisionMaterial.uasset" 87
"../../../Engine/Content/EditorMaterials/PhAT_UnselectedMaterial.uasset" 88
"../../../Engine/Content/EditorMaterials/PreviewShadowIndicator.uasset" 89
"../../../Engine/Content/EditorMaterials/PreviewShadowIndicatorMaterial.uasset" 90
"../../../Engine/Content/EditorMaterials/TargetIcon.uasset" 91
"../../../Engine/Content/EditorMaterials/Tick.uasset" 92
"../../../Engine/Content/EditorMaterials/Tick_Mat.uasset" 93
"../../../Engine/Content/EditorMaterials/WidgetGridVertexColorMaterial.uasset" 94
"../../../Engine/Content/EditorMaterials/WidgetGridVertexColorMaterial_Ma.uasset" 95
"../../../Engine/Content/EditorMaterials/WidgetMaterial.uasset" 96
"../../../Engine/Content/EditorMaterials/WidgetMaterial_Current.uasset" 97
"../../../Engine/Content/EditorMaterials/WidgetMaterial_X.uasset" 98
"../../../Engine/Content/EditorMaterials/WidgetMaterial_Y.uasset" 99
"../../../Engine/Content/EditorMaterials/WidgetMaterial_Z.uasset" 100
"../../../Engine/Content/EditorMaterials/WidgetVertexColorMaterial.uasset" 101
"../../../Engine/Content/EditorMaterials/AssetViewer/EpicQuadPanorama_CC+EV1.uasset" 102
"../../../Engine/Content/MapTemplates/Sky/SunsetAmbientCubemap.uasset" 103
"../../../Engine/Content/EditorMaterials/AssetViewer/M_SkyBox.uasset" 104
"../../../Engine/Content/EditorMaterials/MatineeGroups/MAT_ColorTrack.uasset" 105
"../../../Engine/Content/EditorMaterials/MatineeGroups/MAT_Groups_Anim.uasset" 106
"../../../Engine/Content/EditorMaterials/MatineeGroups/MAT_Groups_AudioMaster.uasset" 107
"../../../Engine/Content/EditorMaterials/MatineeGroups/MAT_Groups_Director.uasset" 108
"../../../Engine/Content/EditorMaterials/MatineeGroups/MAT_Groups_Event.uasset" 109
"../../../Engine/Content/EditorMaterials/MatineeGroups/MAT_Groups_Fade.uasset" 110
"../../../Engine/Content/EditorMaterials/MatineeGroups/MAT_Groups_Float.uasset" 111
"../../../Engine/Content/EditorMaterials/MatineeGroups/MAT_Groups_Move.uasset" 112
"../../../Engine/Content/EditorMaterials/MatineeGroups/MAT_Groups_Slomo.uasset" 113
"../../../Engine/Content/EditorMaterials/MatineeGroups/MAT_Groups_Sound.uasset" 114
"../../../Engine/Content/EditorMaterials/MatineeGroups/MAT_Groups_Vector.uasset" 115
"../../../Engine/Content/EditorMaterials/ParticleSystems/PSysThumbnail_NoImage.uasset" 116
"../../../Engine/Content/EditorMaterials/ParticleSystems/PSysThumbnail_OOD.uasset" 117
"../../../Engine/Content/EngineMaterials/Grid.uasset" 118
"../../../Engine/Content/EditorMaterials/Thumbnails/FloorPlaneMaterial.uasset" 119
"../../../Engine/Content/EditorMeshes/EditorCube.uasset" 120
"../../../Engine/Content/EditorMeshes/EditorCylinder.uasset" 121
"../../../Engine/Content/EditorMeshes/EditorPlane.uasset" 122
"../../../Engine/Content/EditorMaterials/Thumbnails/SkySphereMaterial.uasset" 123
"../../../Engine/Content/EditorMeshes/EditorSkySphere.uasset" 124
"../../../Engine/Content/EditorMeshes/EditorSphere.uasset" 125
"../../../Engine/Content/EditorResources/MatineeCam_D.uasset" 126
"../../../Engine/Content/EditorMaterials/MatineeCam_mat.uasset" 127
"../../../Engine/Content/EditorMeshes/MatineeCam_SM.uasset" 128
"../../../Engine/Content/EditorMeshes/PlanarReflectionPlane.uasset" 129
"../../../Engine/Content/Functions/Engine_MaterialFunctions01/Shading/ConvertFromDiffSpec.uasset" 130
"../../../Engine/Content/EditorMaterials/GridMaterial.uasset" 131
"../../../Engine/Content/EditorMeshes/AssetViewer/Floor_Mesh.uasset" 132
"../../../Engine/Content/EditorMeshes/AssetViewer/Sphere_inversenormals.uasset" 133
"../../../Engine/Content/EditorMaterials/Camera/CineMat.uasset" 134
"../../../Engine/Content/EditorMaterials/Camera/MI_CineMat_CameraBody.uasset" 135
"../../../Engine/Content/EngineDebugMaterials/M_SimpleOpaque.uasset" 136
"../../../Engine/Content/EditorMaterials/Camera/MI_CineMat_CamViewFinder.uasset" 137
"../../../Engine/Content/EditorMeshes/Camera/SM_CineCam.uasset" 138
"../../../Engine/Content/EditorMaterials/Camera/MI_CineMat_Rig.uasset" 139
"../../../Engine/Content/EditorMeshes/Camera/SM_CraneRig_Arm.uasset" 140
"../../../Engine/Content/EditorMeshes/Camera/SM_CraneRig_Base.uasset" 141
"../../../Engine/Content/EditorMeshes/Camera/SM_CraneRig_Body.uasset" 142
"../../../Engine/Content/EditorMeshes/Camera/SM_CraneRig_Mount.uasset" 143
"../../../Engine/Content/EditorMeshes/Camera/SM_RailRig_Mount.uasset" 144
"../../../Engine/Content/EditorMeshes/Camera/SM_RailRig_Track.uasset" 145
"../../../Engine/Content/EditorMeshes/ColorCalibrator/M_ChromeBall.uasset" 146
"../../../Engine/Content/EditorResources/Bad.uasset" 147
"../../../Engine/Content/EditorResources/BSPVertex.uasset" 148
"../../../Engine/Content/EditorResources/EmptyActor.uasset" 149
"../../../Engine/Content/EditorResources/MatInstActSprite.uasset" 150
"../../../Engine/Content/EditorResources/SceneManager.uasset" 151
"../../../Engine/Content/EditorResources/SimplygonLogo.uasset" 152
"../../../Engine/Content/EditorResources/SmallFont.uasset" 153
"../../../Engine/Content/EditorResources/S_Actor.uasset" 154
"../../../Engine/Content/EditorResources/S_CameraShakeSource.uasset" 155
"../../../Engine/Content/EditorResources/S_DecalActorIcon.uasset" 156
"../../../Engine/Content/EditorResources/S_Emitter.uasset" 157
"../../../Engine/Content/EditorResources/S_ExpoHeightFog.uasset" 158
"../../../Engine/Content/EditorResources/S_FTest.uasset" 159
"../../../Engine/Content/EditorResources/S_KBSJoint.uasset" 160
"../../../Engine/Content/EditorResources/S_KHinge.uasset" 161
"../../../Engine/Content/EditorResources/S_KPrismatic.uasset" 162
"../../../Engine/Content/EditorResources/S_LevelSequence.uasset" 163
"../../../Engine/Content/EditorResources/S_NavP.uasset" 164
"../../../Engine/Content/EditorResources/S_Note.uasset" 165
"../../../Engine/Content/EditorResources/S_Player.uasset" 166
"../../../Engine/Content/EditorResources/S_PortalActorIcon2.uasset" 167
"../../../Engine/Content/EditorResources/S_RadForce.uasset" 168
"../../../Engine/Content/EditorResources/S_ReflActorIcon.uasset" 169
"../../../Engine/Content/EditorResources/S_SkyAtmosphere.uasset" 170
"../../../Engine/Content/EditorResources/S_Solver.uasset" 171
"../../../Engine/Content/EditorResources/S_Terrain.uasset" 172
"../../../Engine/Content/EditorResources/S_TextRenderActorIcon.uasset" 173
"../../../Engine/Content/EditorResources/S_Thruster.uasset" 174
"../../../Engine/Content/EditorResources/S_Trigger.uasset" 175
"../../../Engine/Content/EditorResources/S_VectorFieldVol.uasset" 176
"../../../Engine/Content/EditorResources/S_WindDirectional.uasset" 177
"../../../Engine/Content/EditorResources/AI/S_NavLink.uasset" 178
"../../../Engine/Content/EditorResources/AudioIcons/S_AudioComponent_AutoActivate.uasset" 179
"../../../Engine/Content/EditorResources/LightIcons/SkyLight.uasset" 180
"../../../Engine/Content/EditorResources/LightIcons/S_LightDirectional.uasset" 181
"../../../Engine/Content/EditorResources/LightIcons/S_LightDirectionalMove.uasset" 182
"../../../Engine/Content/EditorResources/LightIcons/S_LightError.uasset" 183
"../../../Engine/Content/EditorResources/LightIcons/S_LightPoint.uasset" 184
"../../../Engine/Content/EditorResources/LightIcons/S_LightPointMove.uasset" 185
"../../../Engine/Content/EditorResources/LightIcons/S_LightSpot.uasset" 186
"../../../Engine/Content/EditorResources/LightIcons/S_LightSpotMove.uasset" 187
"../../../Engine/Content/EditorResources/SequenceRecorder/Countdown.uasset" 188
"../../../Engine/Content/EditorResources/SequenceRecorder/RecordingIndicator.uasset" 189
"../../../Engine/Content/EditorResources/Spline/T_Loft_Spline.uasset" 190
"../../../Engine/Content/EditorSounds/Notifications/CompileFailed.uasset" 191
"../../../Engine/Content/EditorSounds/Notifications/CompileFailed_Cue.uasset" 192
"../../../Engine/Content/EditorSounds/Notifications/CompileSuccess.uasset" 193
"../../../Engine/Content/EditorSounds/Notifications/CompileStart_Cue.uasset" 194
"../../../Engine/Content/EditorSounds/Notifications/CompileSuccess_Cue.uasset" 195
"../../../Engine/Content/EngineDamageTypes/DmgTypeBP_Environmental.uasset" 196
"../../../Engine/Content/EngineDebugMaterials/HeatmapGradient.uasset" 197
"../../../Engine/Content/EngineDebugMaterials/BoneWeightMaterial.uasset" 198
"../../../Engine/Content/EngineDebugMaterials/ClothMaterial.uasset" 199
"../../../Engine/Content/EngineDebugMaterials/ClothMaterial_WF.uasset" 200
"../../../Engine/Content/EngineDebugMaterials/DebugEditorMaterial.uasset" 201
"../../../Engine/Content/EngineDebugMaterials/DebugMeshMaterial.uasset" 202
"../../../Engine/Content/EngineDebugMaterials/GeomMaterial.uasset" 203
"../../../Engine/Content/EngineDebugMaterials/LevelColorationLitMaterial.uasset" 204
"../../../Engine/Content/EngineDebugMaterials/LevelColorationUnlitMaterial.uasset" 205
"../../../Engine/Content/EngineMaterials/DefaultWhiteGrid.uasset" 206
"../../../Engine/Content/EngineDebugMaterials/MAT_LevelColorationLitLightmapUV.uasset" 207
"../../../Engine/Content/EngineDebugMaterials/M_SimpleUnlitTranslucent.uasset" 208
"../../../Engine/Content/Functions/Engine_MaterialFunctions02/Utility/CameraDirectionVector.uasset" 209
"../../../Engine/Content/EngineDebugMaterials/VolumeToRender.uasset" 210
"../../../Engine/Content/EngineDebugMaterials/M_VolumeRenderSphereTracePP.uasset" 211
"../../../Engine/Content/EngineMaterials/DefaultWhiteGrid_Low.uasset" 212
"../../../Engine/Content/EngineDebugMaterials/PhysicalMaterialMaskMaterial.uasset" 213
"../../../Engine/Content/EngineDebugMaterials/ShadedLevelColorationLitMaterial.uasset" 214
"../../../Engine/Content/EngineDebugMaterials/ShadedLevelColorationUnlitMateri.uasset" 215
"../../../Engine/Content/EngineDebugMaterials/VertexColorMaterial.uasset" 216
"../../../Engine/Content/EngineDebugMaterials/VertexColorViewMode_AlphaAsColor.uasset" 217
"../../../Engine/Content/EngineDebugMaterials/VertexColorViewMode_BlueOnly.uasset" 218
"../../../Engine/Content/EngineDebugMaterials/VertexColorViewMode_ColorOnly.uasset" 219
"../../../Engine/Content/EngineDebugMaterials/VertexColorViewMode_GreenOnly.uasset" 220
"../../../Engine/Content/EngineDebugMaterials/VertexColorViewMode_RedOnly.uasset" 221
"../../../Engine/Content/EngineDebugMaterials/WireframeMaterial.uasset" 222
"../../../Engine/Content/EngineFonts/Faces/DroidSansFallback.uasset" 223
"../../../Engine/Content/EngineFonts/Faces/RobotoBold.uasset" 224
"../../../Engine/Content/EngineFonts/Faces/RobotoBoldItalic.uasset" 225
"../../../Engine/Content/EngineFonts/Faces/RobotoItalic.uasset" 226
"../../../Engine/Content/EngineFonts/Faces/RobotoLight.uasset" 227
"../../../Engine/Content/EngineFonts/Faces/RobotoRegular.uasset" 228
"../../../Engine/Content/EngineFonts/Roboto.uasset" 229
"../../../Engine/Content/EngineFonts/Faces/RobotoTiny.uasset" 230
"../../../Engine/Content/EngineFonts/RobotoTiny.uasset" 231
"../../../Engine/Content/EngineFonts/SmallFont.uasset" 232
"../../../Engine/Content/EngineFonts/TinyFont.uasset" 233
"../../../Engine/Content/EngineMaterials/BaseFlattenDiffuseMap.uasset" 234
"../../../Engine/Content/EngineMaterials/BaseFlattenEmissiveMap.uasset" 235
"../../../Engine/Content/EngineMaterials/BaseFlattenGrayscaleMap.uasset" 236
"../../../Engine/Content/EngineMaterials/BaseFlattenNormalMap.uasset" 237
"../../../Engine/Content/EngineMaterials/BaseFlattenMaterial.uasset" 238
"../../../Engine/Content/EngineResources/WhiteSquareTexture.uasset" 239
"../../../Engine/Content/EngineMaterials/BlinkingCaret.uasset" 240
"../../../Engine/Content/EngineMaterials/BlueNoise.uasset" 241
"../../../Engine/Content/EngineMaterials/DefaultBloomKernel.uasset" 242
"../../../Engine/Content/EngineMaterials/DefaultBokeh.uasset" 243
"../../../Engine/Content/EngineMaterials/DefaultDeferredDecalMaterial.uasset" 244
"../../../Engine/Content/EngineMaterials/DefaultLightFunctionMaterial.uasset" 245
"../../../Engine/Content/EngineMaterials/DefaultNormal.uasset" 246
"../../../Engine/Content/EngineMaterials/DefaultPostProcessMaterial.uasset" 247
"../../../Engine/Content/EngineFonts/RobotoDistanceField.uasset" 248
"../../../Engine/Content/EngineMaterials/DefaultTextMaterialOpaque.uasset" 249
"../../../Engine/Content/EngineMaterials/EditorBrushMaterial.uasset" 250
"../../../Engine/Content/EngineMaterials/EmissiveMeshMaterial.uasset" 251
"../../../Engine/Content/EngineMaterials/GizmoMaterial.uasset" 252
"../../../Engine/Content/EngineMaterials/Grid_N.uasset" 253
"../../../Engine/Content/EngineMaterials/HighResolutionScreenshotMaskFunction.uasset" 254
"../../../Engine/Content/EngineMaterials/HighResScreenshot.uasset" 255
"../../../Engine/Content/EngineMaterials/HighResScreenshotCaptureRegion.uasset" 256
"../../../Engine/Content/EngineMaterials/HighResScreenshotMask.uasset" 257
"../../../Engine/Content/EngineMaterials/LandscapeHolePhysicalMaterial.uasset" 258
"../../../Engine/Content/EngineMaterials/InvalidLightmapSettings.uasset" 259
"../../../Engine/Content/EngineMaterials/M_InvalidLightmapSettings.uasset" 260
"../../../Engine/Content/EngineMaterials/PaperDiffuse.uasset" 261
"../../../Engine/Content/EngineMaterials/PaperNormal.uasset" 262
"../../../Engine/Content/Functions/Engine_MaterialFunctions02/WorldPositionOffset/CameraOffset.uasset" 263
"../../../Engine/Content/EngineMaterials/PhAT_JointLimitMaterial.uasset" 264
"../../../Engine/Content/EngineMaterials/PhysMat_Rubber.uasset" 265
"../../../Engine/Content/EngineMaterials/PreintegratedSkinBRDF.uasset" 266
"../../../Engine/Content/EngineMaterials/RemoveSurfaceMaterial.uasset" 267
"../../../Engine/Content/EngineMaterials/WeightMapPlaceholderTexture.uasset" 268
"../../../Engine/Content/Functions/Engine_MaterialFunctions01/ImageAdjustment/sRGBToLinear.uasset" 269
"../../../Engine/Content/Functions/Engine_MaterialFunctions02/Utility/BreakOutFloat3Components.uasset" 270
"../../../Engine/Content/EngineMaterials/Widget3DCameraPassThrough_Opaque_OneSided.uasset" 271
"../../../Engine/Content/EngineMaterials/Widget3DPassThrough.uasset" 272
"../../../Engine/Content/EngineMaterials/Widget3DPassThrough_Masked.uasset" 273
"../../../Engine/Content/EngineMaterials/Widget3DPassThrough_Opaque.uasset" 274
"../../../Engine/Content/EngineMaterials/Widget3DPassThrough_Masked_OneSided.uasset" 275
"../../../Engine/Content/EngineMaterials/Widget3DPassThrough_Opaque_OneSided.uasset" 276
"../../../Engine/Content/EngineMaterials/Widget3DPassThrough_Translucent.uasset" 277
"../../../Engine/Content/EngineMaterials/Widget3DPassThrough_Translucent_OneSided.uasset" 278
"../../../Engine/Content/EngineMeshes/Cube.uasset" 279
"../../../Engine/Content/EngineMeshes/Cylinder.uasset" 280
"../../../Engine/Content/EngineMeshes/Sphere.uasset" 281
"../../../Engine/Content/EngineResources/DefaultVolumeTexture2D.uasset" 282
"../../../Engine/Content/EngineResources/DefaultVolumeTexture.uasset" 283
"../../../Engine/Content/EngineResources/GradientTexture0.uasset" 284
"../../../Engine/Content/EngineResources/StreamingPauseIcon.uasset" 285
"../../../Engine/Content/EngineResources/M_StreamingPause.uasset" 286
"../../../Engine/Content/EngineSounds/Master.uasset" 287
"../../../Engine/Content/Functions/Engine_MaterialFunctions01/Shading/PowerToRoughness.uasset" 288
"../../../Engine/Content/Maps/Templates/Thumbnails/Default.uasset" 289
"../../../Engine/Content/Maps/Templates/Thumbnails/TimeOfDay.uasset" 290
"../../../Engine/Content/Maps/Templates/Thumbnails/VR-Basic.uasset" 291
"../../../Engine/Content/MapTemplates/Sky/DaylightAmbientCubemap.uasset" 292
"../../../Engine/Content/MobileResources/T_MobileControls_texture.uasset" 293
"../../../Engine/Content/MobileResources/T_MobileMenu2.uasset" 294
"../../../Engine/Content/MobileResources/HUD/AnalogHat.uasset" 295
"../../../Engine/Content/MobileResources/HUD/VirtualJoystick_Background.uasset" 296
"../../../Engine/Content/MobileResources/HUD/VirtualJoystick_Thumb.uasset" 297
"../../../Engine/Content/MobileResources/HUD/DefaultVirtualJoysticks.uasset" 298
"../../../Engine/Content/MobileResources/HUD/LeftVirtualJoystickOnly.uasset" 299
"../../../Engine/Content/MobileResources/HUD/MobileHUDButton1_off.uasset" 300
"../../../Engine/Content/MobileResources/HUD/MobileHUDButton1_on.uasset" 301
"../../../Engine/Content/MobileResources/HUD/MobileHUDButton2_off.uasset" 302
"../../../Engine/Content/MobileResources/HUD/MobileHUDButton2_on.uasset" 303
"../../../Engine/Content/MobileResources/HUD/MobileHUDButton3.uasset" 304
"../../../Engine/Content/MobileResources/HUD/MobileHUDButtonFire.uasset" 305
"../../../Engine/Content/MobileResources/HUD/MobileHUDDirectionPad.uasset" 306
"../../../Engine/Content/MobileResources/HUD/MobileHUDDirectionPad2.uasset" 307
"../../../Engine/Content/MobileResources/HUD/MobileHUDDirectionPad3.uasset" 308
"../../../Engine/Content/MobileResources/HUD/MobileHUDDirectionStick.uasset" 309
"../../../Engine/Content/MobileResources/HUD/T_Castle_ThumbstickInner.uasset" 310
"../../../Engine/Content/MobileResources/HUD/T_Castle_ThumbstickOutter.uasset" 311
"../../../Engine/Content/Tutorial/ContentIntroCurve.uasset" 312
"../../../Engine/Content/Tutorial/Basics/LevelEditorAttract.uasset" 313
"../../../Engine/Content/Tutorial/Basics/TutorialAssets/icon_tab_Levels_40x.uasset" 314
"../../../Engine/Content/Tutorial/Basics/LevelEditorOverview.uasset" 315
"../../../Engine/Content/Tutorial/BlueprintTutorials/TutorialAssets/Blueprint_64x.uasset" 316
"../../../Engine/Content/Tutorial/BlueprintTutorials/LevelBlueprintEditorOverview.uasset" 317
"../../../Engine/Content/Tutorial/BlueprintTutorials/TutorialAssets/Tutorial_BP_MacroLib.uasset" 318
"../../../Engine/Content/Tutorial/SubEditors/StaticMeshEditorTutorial.uasset" 319
"../../../Engine/Content/VREditor/LaserPointer/VR_LaserPower_01.uasset" 320
"../../../Engine/Content/VREditor/TransformGizmo/TransformGizmoMaterial.uasset" 321
"../../../Engine/Content/VREditor/TransformGizmo/TranslucentTransformGizmoMaterial.uasset" 322
"../../../Engine/Content/VREditor/TransformGizmo/BoundingBoxCorner.uasset" 323
"../../../Engine/Content/VREditor/TransformGizmo/BoundingBoxEdge.uasset" 324
"../../../Engine/Content/VREditor/TransformGizmo/PlaneTranslationHandle.uasset" 325
"../../../Engine/Content/VREditor/TransformGizmo/Main.uasset" 326
"../../../Engine/Content/VREditor/TransformGizmo/Xray.uasset" 327
"../../../Engine/Content/VREditor/TransformGizmo/SM_Sequencer_Key.uasset" 328
"../../../Engine/Content/VREditor/TransformGizmo/SM_Sequencer_Node.uasset" 329
"../../../../../UE4/UE4 Training/BloomeeProjectsDSI2/Content/SamalIsland/Datasmith/Cottage2/Geometries/pCube248.uasset" 330
"../../../../../UE4/UE4 Training/BloomeeProjectsDSI2/Content/SamalIsland/Datasmith/Cottage2/Geometries/pCube247.uasset" 331
"../../../../../UE4/UE4 Training/BloomeeProjectsDSI2/Content/SamalIsland/Datasmith/Cottage2/Geometries/pCube246.uasset" 332
"../../../../../UE4/UE4 Training/BloomeeProjectsDSI2/Content/SamalIsland/Datasmith/Cottage2/Geometries/pCube245.uasset" 333
"../../../../../UE4/UE4 Training/BloomeeProjectsDSI2/Content/SamalIsland/Datasmith/Cottage2/Geometries/pCube244.uasset" 334
"../../../../../UE4/UE4 Training/BloomeeProjectsDSI2/Content/SamalIsland/Datasmith/SamalIsland/SamalIsland.uasset" 335
"../../../Engine/Content/Animation/DefaultAnimBoneCompressionSettings.uasset" 336
"../../../Engine/Content/Animation/DefaultAnimCurveCompressionSettings.uasset" 337
"../../../Engine/Content/ArtTools/RenderToTexture/Enums/RenderToTexture_Enum.uasset" 338
"../../../Engine/Content/ArtTools/RenderToTexture/Enums/RenderToTexture_Flipbook_Enum.uasset" 339
"../../../Engine/Content/ArtTools/RenderToTexture/Enums/RenderToTexture_Imposter_Enum.uasset" 340
"../../Plugins/2D/Paper2D/Content/PlaceholderTextures/DummySpriteTexture.uasset" 341
"../../Plugins/2D/Paper2D/Content/DummySprite.uasset" 342
"../../Plugins/2D/Paper2D/Content/DefaultPaperTerrainMaterial.uasset" 343
"../../Plugins/2D/Paper2D/Content/DefaultSpriteMaterial.uasset" 344
"../../Plugins/2D/Paper2D/Content/MaskedUnlitSpriteMaterial.uasset" 345
"../../Plugins/2D/Paper2D/Content/OpaqueUnlitSpriteMaterial.uasset" 346
"../../../Engine/Content/Functions/Engine_MaterialFunctions02/Texturing/CustomRotator.uasset" 347
"../../Plugins/Enterprise/DatasmithContent/Content/Materials/C4DMasterUV.uasset" 348
"../../Plugins/Enterprise/DatasmithContent/Content/Materials/TileMirrorAxis.uasset" 349
"../../Plugins/Enterprise/DatasmithContent/Content/Materials/UVEdit.uasset" 350
"../../../Engine/Content/Functions/Engine_MaterialFunctions01/Texturing/FlattenNormal.uasset" 351
"../../../Engine/Content/Functions/Engine_MaterialFunctions02/HueShift.uasset" 352
"../../../Engine/Content/ArtTools/RenderToTexture/Textures/127grey.uasset" 353
"../../../Engine/Content/EditorLandscapeResources/WhiteSquareTexture.uasset" 354
"../../../Engine/Content/EngineMaterials/T_Default_Normal.uasset" 355
"../../../Engine/Content/EngineResources/Black.uasset" 356
"../../Plugins/Enterprise/DatasmithContent/Content/Materials/C4DMaster.uasset" 357
"../../../Engine/Content/EngineMaterials/FlatNormal.uasset" 358
"../../Plugins/Enterprise/DatasmithContent/Content/Materials/CE_BaseMaster.uasset" 359
"../../Plugins/Enterprise/DatasmithContent/Content/Materials/CE_OpacityMaster.uasset" 360
"../../Plugins/Enterprise/DatasmithContent/Content/Materials/CE_OpacitySimpleMaster.uasset" 361
"../../Plugins/Enterprise/DatasmithContent/Content/Materials/CE_OpaqueMaster.uasset" 362
"../../../Engine/Content/Functions/Engine_MaterialFunctions03/Procedurals/NormalFromHeightmap.uasset" 363
"../../Plugins/Enterprise/DatasmithContent/Content/Materials/RevitMaster.uasset" 364
"../../Plugins/Enterprise/DatasmithContent/Content/Materials/SketchUpMaster.uasset" 365
"../../Plugins/Enterprise/StaticMeshEditorExtension/Content/HoveredFaceMaterial.uasset" 366
"../../Plugins/Enterprise/StaticMeshEditorExtension/Content/HoveredGeometryMaterial.uasset" 367
"../../Plugins/Enterprise/StaticMeshEditorExtension/Content/WireWorldOffset.uasset" 368
"../../Plugins/Enterprise/StaticMeshEditorExtension/Content/OverlayLineMaterial.uasset" 369
"../../Plugins/Enterprise/StaticMeshEditorExtension/Content/OverlayPointMaterial.uasset" 370
"../../Plugins/Enterprise/StaticMeshEditorExtension/Content/WireMaterial.uasset" 371
"../../Plugins/Enterprise/StaticMeshEditorExtension/Content/StaticMeshEditorAssetContainer.uasset" 372
"../../Plugins/FX/Niagara/Content/Enums/ENiagaraAnimTrailWidthMode.uasset" 373
"../../Plugins/FX/Niagara/Content/Enums/ENiagaraBoneSamplingMode.uasset" 374
"../../Plugins/FX/Niagara/Content/Enums/ENiagaraBoneSocketSamplingMode.uasset" 375
"../../Plugins/FX/Niagara/Content/Enums/ENiagaraBooleanLogicOps.uasset" 376
"../../Plugins/FX/Niagara/Content/Enums/ENiagaraBooleanLogicOps_v2.uasset" 377
"../../Plugins/FX/Niagara/Content/Enums/ENiagaraCalculateRadiusOptions.uasset" 378
"../../Plugins/FX/Niagara/Content/Enums/ENiagaraChannelCorrelation.uasset" 379
"../../Plugins/FX/Niagara/Content/Enums/ENiagaraCollisionRadiusOptions.uasset" 380
"../../Plugins/FX/Niagara/Content/Enums/ENiagaraCoordinateSpace.uasset" 381
"../../Plugins/FX/Niagara/Content/Enums/ENiagaraCurlNoiseQuality.uasset" 382
"../../Plugins/FX/Niagara/Content/Enums/ENiagaraEmitterLifeCycleMode.uasset" 383
"../../Plugins/FX/Niagara/Content/Enums/ENiagaraEmitterScalabilityMode.uasset" 384
"../../Plugins/FX/Niagara/Content/Enums/ENiagaraEmitterScalabilityMode_Limited.uasset" 385
"../../Plugins/FX/Niagara/Content/Enums/ENiagaraExecutionStateManagement.uasset" 386
"../../Plugins/FX/Niagara/Content/Enums/ENiagaraExpansionMode.uasset" 387
"../../Plugins/FX/Niagara/Content/Enums/ENiagaraFrictionMergeType.uasset" 388
"../../Plugins/FX/Niagara/Content/Enums/ENiagaraGPUDepthResponseType.uasset" 389
"../../Plugins/FX/Niagara/Content/Enums/ENiagaraGridPlacementType.uasset" 390
"../../Plugins/FX/Niagara/Content/Enums/ENiagaraInactiveMode.uasset" 391
"../../Plugins/FX/Niagara/Content/Enums/ENiagaraKillVolumeOptions.uasset" 392
"../../Plugins/FX/Niagara/Content/Enums/ENiagaraLinearColor_Channels.uasset" 393
"../../Plugins/FX/Niagara/Content/Enums/ENiagaraMassByVolume.uasset" 394
"../../Plugins/FX/Niagara/Content/Enums/ENiagaraMassCalculationForRendererTypes.uasset" 395
"../../Plugins/FX/Niagara/Content/Enums/ENiagaraMeshOrSprite.uasset" 396
"../../Plugins/FX/Niagara/Content/Enums/ENiagaraMeshSamplingMode.uasset" 397
"../../Plugins/FX/Niagara/Content/Enums/ENiagaraMeshSurfaceSamplingMode.uasset" 398
"../../Plugins/FX/Niagara/Content/Enums/ENiagaraMeshTransforms.uasset" 399
"../../Plugins/FX/Niagara/Content/Enums/ENiagaraMinOrMax.uasset" 400
"../../Plugins/FX/Niagara/Content/Enums/ENiagaraOrientationAxis.uasset" 401
"../../Plugins/FX/Niagara/Content/Enums/ENiagaraRandomnessMode.uasset" 402
"../../Plugins/FX/Niagara/Content/Enums/ENiagaraRestitutionMergeType.uasset" 403
"../../Plugins/FX/Niagara/Content/Enums/ENiagaraScaleColorMode.uasset" 404
"../../Plugins/FX/Niagara/Content/Enums/ENiagaraSimulationTarget.uasset" 405
"../../Plugins/FX/Niagara/Content/Enums/ENiagaraSkeletalSpawning.uasset" 406
"../../Plugins/FX/Niagara/Content/Enums/ENiagaraSkelSamplingFilteringMode.uasset" 407
"../../Plugins/FX/Niagara/Content/Enums/ENiagaraSkelSamplingModeFull.uasset" 408
"../../Plugins/FX/Niagara/Content/Enums/ENiagaraSocketSamplingMode.uasset" 409
"../../Plugins/FX/Niagara/Content/Enums/ENiagaraSUbUVAnimationMode.uasset" 410
"../../Plugins/FX/Niagara/Content/Enums/ENiagaraSystemInactiveMode.uasset" 411
"../../Plugins/FX/Niagara/Content/Enums/ENiagaraTorusDistributionMode.uasset" 412
"../../Plugins/FX/Niagara/Content/Enums/ENiagaraTorusMode.uasset" 413
"../../Plugins/FX/Niagara/Content/Enums/ENiagaraTriangleSamplingMode.uasset" 414
"../../Plugins/FX/Niagara/Content/Enums/ENiagaraVector2_Channels.uasset" 415
"../../Plugins/FX/Niagara/Content/Enums/ENiagaraVector3_Channels.uasset" 416
"../../Plugins/FX/Niagara/Content/Enums/ENiagaraVector4_Channels.uasset" 417
"../../Plugins/FX/Niagara/Content/Enums/ENiagaraVertexFilteringMode.uasset" 418
"../../Plugins/FX/Niagara/Content/Enums/ENiagaraVertexSamplingMode.uasset" 419
"../../Plugins/FX/Niagara/Content/Enums/ENiagara_CameraMeshOrientation.uasset" 420
"../../Plugins/FX/Niagara/Content/Enums/ENiagara_CameraProperties.uasset" 421
"../../Plugins/FX/Niagara/Content/Enums/ENiagara_CollisionType.uasset" 422
"../../Plugins/FX/Niagara/Content/Enums/ENiagara_CPUCollisionType.uasset" 423
"../../Plugins/FX/Niagara/Content/Enums/ENiagara_EmitterStateOptions.uasset" 424
"../../Plugins/FX/Niagara/Content/Enums/ENiagara_Float4Channel.uasset" 425
"../../Plugins/FX/Niagara/Content/Enums/ENiagara_GPUCollisionType.uasset" 426
"../../Plugins/FX/Niagara/Content/Enums/ENiagara_InfiniteLoopDuration.uasset" 427
"../../Plugins/FX/Niagara/Content/Icons/S_ParticleSystem.uasset" 428
"../../Plugins/Runtime/Oculus/OculusAvatar/Content/Materials/Normal.uasset" 429
"../../Plugins/Runtime/Oculus/OculusAvatar/Content/Materials/White.uasset" 430
"../../Plugins/Runtime/Oculus/OculusAvatar/Content/Materials/OculusAvatarsPBR.uasset" 431
"../../../Engine/Content/Functions/Engine_MaterialFunctions02/SmoothStep.uasset" 432
"../../Plugins/Runtime/Oculus/OculusAvatar/Content/Materials/AvatarsPBR_2/Assets/fallbackAlbedo.uasset" 433
"../../Plugins/Runtime/Oculus/OculusAvatar/Content/Materials/AvatarsPBR_2/Assets/fallbackNormal.uasset" 434
"../../Plugins/Runtime/Oculus/OculusAvatar/Content/Materials/AvatarsPBR_2/Assets/fallbackRoughness.uasset" 435
"../../Plugins/Runtime/Oculus/OculusAvatar/Content/Materials/AvatarsPBR_2/OculusAvatars_PBRV2.uasset" 436
"../../Plugins/Runtime/Oculus/OculusAvatar/Content/Materials/AvatarsPBR_2/Functions/ComputeCombinedMeshColor.uasset" 437
"../../../Engine/Content/VREditor/Devices/Vive/UE4_Logo.uasset" 438
"../../Plugins/Runtime/Oculus/OculusAvatar/Content/Materials/AvatarsPBR_2/OculusAvatars_PBRV2_Combined.uasset" 439
"../../Plugins/Runtime/Oculus/OculusAvatar/Content/Materials/AvatarsPBR_2/Functions/ComputeMask.uasset" 440
"../../Plugins/Runtime/Oculus/OculusAvatar/Content/Materials/AvatarsPBR_2/Functions/CombineMasks.uasset" 441
"../../Plugins/Runtime/Oculus/OculusAvatar/Content/Materials/AvatarsPBR_2/OculusAvatars_PBRV2_Combined_Exp_Alpha.uasset" 442
"../../../Engine/Content/Functions/Engine_MaterialFunctions02/Texturing/ScreenAlignedPixelToPixelUVs.uasset" 443
"../../../Engine/Content/EngineMaterials/Good64x64TilingNoiseHighFreq.uasset" 444
"../../Plugins/Runtime/Oculus/OculusAvatar/Content/Materials/AvatarsPBR_2/Functions/LDR_LLL1_0.uasset" 445
"../../Plugins/Runtime/Oculus/OculusAvatar/Content/Materials/AvatarsPBR_2/Functions/DitherAlphaToOpacityMask.uasset" 446
"../../Plugins/Runtime/Oculus/OculusAvatar/Content/Materials/AvatarsPBR_2/OculusAvatars_PBRV2_Combined_Exp_Masked.uasset" 447
"../../Plugins/Runtime/Oculus/OculusAvatar/Content/Materials/AvatarsPBR_2/OculusAvatars_PBRV2_Combined_Exp_Opaque.uasset" 448
"../../Plugins/Runtime/Oculus/OculusAvatar/Content/Materials/AvatarsPBR_2/Functions/DistributionGGX.uasset" 449
"../../Plugins/Runtime/Oculus/OculusAvatar/Content/Materials/AvatarsPBR_2/Functions/GeometryGGXPartial.uasset" 450
"../../Plugins/Runtime/Oculus/OculusAvatar/Content/Materials/AvatarsPBR_2/Functions/SchlickFresnel.uasset" 451
"../../Plugins/Runtime/Oculus/OculusAvatar/Content/Materials/AvatarsPBR_2/AvatarLighting.uasset" 452
"../../Plugins/Runtime/Oculus/OculusAvatar/Content/Materials/AvatarsPBR_2/OculusAvatars_PBRV2_Combined_Exp_Opaque_Mobile.uasset" 453
"../../Plugins/Runtime/Oculus/OculusAvatar/Content/Materials/AvatarsPBR_2/OculusAvatars_PBRV2_ExpressiveController.uasset" 454
"../../Plugins/Runtime/Oculus/OculusAvatar/Content/Materials/AvatarsPBR_2/OculusAvatars_PBRV2_Exp_Alpha_Body.uasset" 455
"../../Plugins/Runtime/Oculus/OculusAvatar/Content/Materials/AvatarsPBR_2/OculusAvatars_PBRV2_Exp_Alpha_Simple.uasset" 456
"../../Plugins/Runtime/Oculus/OculusAvatar/Content/Materials/AvatarsPBR_2/OculusAvatars_PBRV2_Exp_Masked_Body.uasset" 457
"../../Plugins/Runtime/Oculus/OculusAvatar/Content/Materials/AvatarsPBR_2/OculusAvatars_PBRV2_Exp_Masked_Simple.uasset" 458
"../../Plugins/Runtime/Oculus/OculusAvatar/Content/Materials/AvatarsPBR_2/OculusAvatars_PBRV2_Exp_Opaque_Body.uasset" 459
"../../Plugins/Runtime/Oculus/OculusAvatar/Content/Materials/AvatarsPBR_2/OculusAvatars_PBRV2_Exp_Opaque_Body_Mobile.uasset" 460
"../../Plugins/Runtime/Oculus/OculusAvatar/Content/Materials/AvatarsPBR_2/OculusAvatars_PBRV2_Exp_Opaque_Simple.uasset" 461
"../../Plugins/Runtime/Oculus/OculusAvatar/Content/Materials/AvatarsPBR_2/OculusAvatars_PBRV2_Exp_Opaque_Simple_Mobile.uasset" 462
"../../Plugins/Runtime/Oculus/OculusAvatar/Content/Materials/AvatarsPBR_2/OculusAvatars_PBRV2_EyeShell.uasset" 463
"../../Plugins/Runtime/Oculus/OculusAvatar/Content/Materials/AvatarsPBR_2/OculusAvatars_PBRV2_Mobile.uasset" 464
"../../Plugins/Runtime/Oculus/OculusAvatar/Content/Materials/AvatarsPBR_2/OculusAvatars_PBRV2_Mobile_Combined.uasset" 465
"../../../Engine/Content/Functions/Engine_MaterialFunctions02/SplitComponents.uasset" 466
"../../../Engine/Content/Functions/Engine_MaterialFunctions02/Utility/MakeFloat4.uasset" 467
"../../../Engine/Content/Functions/Engine_MaterialFunctions02/WorldPositionOffset/LocalPosition.uasset" 468
"../../Plugins/Runtime/Oculus/OculusAvatar/Content/Materials/v1/Main/OculusAvatar8Layers_ComputeBlend.uasset" 469
"../../Plugins/Runtime/Oculus/OculusAvatar/Content/Materials/v1/Sample/OculusAvatar8Layers_SampleModeParallax.uasset" 470
"../../Plugins/Runtime/Oculus/OculusAvatar/Content/Materials/v1/Main/OculusAvatar8Layers_ComputeNormal.uasset" 471
"../../Plugins/Runtime/Oculus/OculusAvatar/Content/Materials/v1/Sample/OculusAvatar8Layers_SampleModeRSRM.uasset" 472
"../../Plugins/Runtime/Oculus/OculusAvatar/Content/Materials/v1/Sample/OculusAvatar8Layers_SampleModeTexture.uasset" 473
"../../Plugins/Runtime/Oculus/OculusAvatar/Content/Materials/v1/Sample/OculusAvatar8Layers_SampleModeTextureSingleChannel.uasset" 474
"../../Plugins/Runtime/Oculus/OculusAvatar/Content/Materials/v1/Main/OculusAvatar8Layers_ComputeColor.uasset" 475
"../../Plugins/Runtime/Oculus/OculusAvatar/Content/Materials/v1/Mask/OculusAvatar8Layers_MaskTypeFresnel.uasset" 476
"../../Plugins/Runtime/Oculus/OculusAvatar/Content/Materials/v1/OculusAvatar8Layers_GetPreSkinnedPosition.uasset" 477
"../../Plugins/Runtime/Oculus/OculusAvatar/Content/Materials/v1/Mask/OculusAvatar8Layers_MaskTypePositional.uasset" 478
"../../Plugins/Runtime/Oculus/OculusAvatar/Content/Materials/v1/Mask/OculusAvatar8Layers_MaskTypeReflection.uasset" 479
"../../Plugins/Runtime/Oculus/OculusAvatar/Content/Materials/v1/Main/OculusAvatar8Layers_ComputeMask.uasset" 480
"../../Plugins/Runtime/Oculus/OculusAvatar/Content/Materials/v1/8Layer.uasset" 481
"../../Plugins/Runtime/Oculus/OculusAvatar/Content/Materials/v1/Inst/Projector.uasset" 482
"../../Plugins/Runtime/Oculus/OculusAvatar/Content/Materials/v1/Inst/Off/N_OFF_P_OFF/OculusAvatar8Layers_Inst_0Layers.uasset" 483
"../../Plugins/Runtime/Oculus/OculusAvatar/Content/Materials/v1/Inst/Off/N_OFF_P_OFF/OculusAvatar8Layers_Inst_1Layers.uasset" 484
"../../Plugins/Runtime/Oculus/OculusAvatar/Content/Materials/v1/Inst/Off/N_OFF_P_OFF/OculusAvatar8Layers_Inst_2Layers.uasset" 485
"../../Plugins/Runtime/Oculus/OculusAvatar/Content/Materials/v1/Inst/Off/N_OFF_P_OFF/OculusAvatar8Layers_Inst_3Layers.uasset" 486
"../../Plugins/Runtime/Oculus/OculusAvatar/Content/Materials/v1/Inst/Off/N_OFF_P_OFF/OculusAvatar8Layers_Inst_4Layers.uasset" 487
"../../Plugins/Runtime/Oculus/OculusAvatar/Content/Materials/v1/Inst/Off/N_OFF_P_OFF/OculusAvatar8Layers_Inst_5Layers.uasset" 488
"../../Plugins/Runtime/Oculus/OculusAvatar/Content/Materials/v1/Inst/Off/N_OFF_P_OFF/OculusAvatar8Layers_Inst_6Layers.uasset" 489
"../../Plugins/Runtime/Oculus/OculusAvatar/Content/Materials/v1/Inst/Off/N_OFF_P_OFF/OculusAvatar8Layers_Inst_7Layers.uasset" 490
"../../Plugins/Runtime/Oculus/OculusAvatar/Content/Materials/v1/Inst/Off/N_OFF_P_OFF/OculusAvatar8Layers_Inst_8Layers.uasset" 491
"../../Plugins/Runtime/Oculus/OculusAvatar/Content/Materials/v1/Inst/Off/N_OFF_P_ON/OculusAvatar8Layers_Inst_0Layers.uasset" 492
"../../Plugins/Runtime/Oculus/OculusAvatar/Content/Materials/v1/Inst/Off/N_OFF_P_ON/OculusAvatar8Layers_Inst_1Layers.uasset" 493
"../../Plugins/Runtime/Oculus/OculusAvatar/Content/Materials/v1/Inst/Off/N_OFF_P_ON/OculusAvatar8Layers_Inst_2Layers.uasset" 494
"../../Plugins/Runtime/Oculus/OculusAvatar/Content/Materials/v1/Inst/Off/N_OFF_P_ON/OculusAvatar8Layers_Inst_3Layers.uasset" 495
"../../Plugins/Runtime/Oculus/OculusAvatar/Content/Materials/v1/Inst/Off/N_OFF_P_ON/OculusAvatar8Layers_Inst_4Layers.uasset" 496
"../../Plugins/Runtime/Oculus/OculusAvatar/Content/Materials/v1/Inst/Off/N_OFF_P_ON/OculusAvatar8Layers_Inst_5Layers.uasset" 497
"../../Plugins/Runtime/Oculus/OculusAvatar/Content/Materials/v1/Inst/Off/N_OFF_P_ON/OculusAvatar8Layers_Inst_6Layers.uasset" 498
"../../Plugins/Runtime/Oculus/OculusAvatar/Content/Materials/v1/Inst/Off/N_OFF_P_ON/OculusAvatar8Layers_Inst_7Layers.uasset" 499
"../../Plugins/Runtime/Oculus/OculusAvatar/Content/Materials/v1/Inst/Off/N_OFF_P_ON/OculusAvatar8Layers_Inst_8Layers.uasset" 500
"../../Plugins/Runtime/Oculus/OculusAvatar/Content/Materials/v1/Inst/Off/N_ON_P_OFF/OculusAvatar8Layers_Inst_0Layers.uasset" 501
"../../Plugins/Runtime/Oculus/OculusAvatar/Content/Materials/v1/Inst/Off/N_ON_P_OFF/OculusAvatar8Layers_Inst_1Layers.uasset" 502
"../../Plugins/Runtime/Oculus/OculusAvatar/Content/Materials/v1/Inst/Off/N_ON_P_OFF/OculusAvatar8Layers_Inst_2Layers.uasset" 503
"../../Plugins/Runtime/Oculus/OculusAvatar/Content/Materials/v1/Inst/Off/N_ON_P_OFF/OculusAvatar8Layers_Inst_3Layers.uasset" 504
"../../Plugins/Runtime/Oculus/OculusAvatar/Content/Materials/v1/Inst/Off/N_ON_P_OFF/OculusAvatar8Layers_Inst_4Layers.uasset" 505
"../../Plugins/Runtime/Oculus/OculusAvatar/Content/Materials/v1/Inst/Off/N_ON_P_OFF/OculusAvatar8Layers_Inst_5Layers.uasset" 506
"../../Plugins/Runtime/Oculus/OculusAvatar/Content/Materials/v1/Inst/Off/N_ON_P_OFF/OculusAvatar8Layers_Inst_6Layers.uasset" 507
"../../Plugins/Runtime/Oculus/OculusAvatar/Content/Materials/v1/Inst/Off/N_ON_P_OFF/OculusAvatar8Layers_Inst_7Layers.uasset" 508
"../../Plugins/Runtime/Oculus/OculusAvatar/Content/Materials/v1/Inst/Off/N_ON_P_OFF/OculusAvatar8Layers_Inst_8Layers.uasset" 509
"../../Plugins/Runtime/Oculus/OculusAvatar/Content/Materials/v1/Inst/Off/N_ON_P_ON/OculusAvatar8Layers_Inst_0Layers.uasset" 510
"../../Plugins/Runtime/Oculus/OculusAvatar/Content/Materials/v1/Inst/Off/N_ON_P_ON/OculusAvatar8Layers_Inst_1Layers.uasset" 511
"../../Plugins/Runtime/Oculus/OculusAvatar/Content/Materials/v1/Inst/Off/N_ON_P_ON/OculusAvatar8Layers_Inst_2Layers.uasset" 512
"../../Plugins/Runtime/Oculus/OculusAvatar/Content/Materials/v1/Inst/Off/N_ON_P_ON/OculusAvatar8Layers_Inst_3Layers.uasset" 513
"../../Plugins/Runtime/Oculus/OculusAvatar/Content/Materials/v1/Inst/Off/N_ON_P_ON/OculusAvatar8Layers_Inst_4Layers.uasset" 514
"../../Plugins/Runtime/Oculus/OculusAvatar/Content/Materials/v1/Inst/Off/N_ON_P_ON/OculusAvatar8Layers_Inst_5Layers.uasset" 515
"../../Plugins/Runtime/Oculus/OculusAvatar/Content/Materials/v1/Inst/Off/N_ON_P_ON/OculusAvatar8Layers_Inst_6Layers.uasset" 516
"../../Plugins/Runtime/Oculus/OculusAvatar/Content/Materials/v1/Inst/Off/N_ON_P_ON/OculusAvatar8Layers_Inst_7Layers.uasset" 517
"../../Plugins/Runtime/Oculus/OculusAvatar/Content/Materials/v1/Inst/Off/N_ON_P_ON/OculusAvatar8Layers_Inst_8Layers.uasset" 518
"../../Plugins/Runtime/Oculus/OculusAvatar/Content/Materials/v1/Inst/On/N_OFF_P_OFF/OculusAvatar8Layers_Inst_0Layers.uasset" 519
"../../Plugins/Runtime/Oculus/OculusAvatar/Content/Materials/v1/Inst/On/N_OFF_P_OFF/OculusAvatar8Layers_Inst_1Layers.uasset" 520
"../../Plugins/Runtime/Oculus/OculusAvatar/Content/Materials/v1/Inst/On/N_OFF_P_OFF/OculusAvatar8Layers_Inst_2Layers.uasset" 521
"../../Plugins/Runtime/Oculus/OculusAvatar/Content/Materials/v1/Inst/On/N_OFF_P_OFF/OculusAvatar8Layers_Inst_3Layers.uasset" 522
"../../Plugins/Runtime/Oculus/OculusAvatar/Content/Materials/v1/Inst/On/N_OFF_P_OFF/OculusAvatar8Layers_Inst_4Layers.uasset" 523
"../../Plugins/Runtime/Oculus/OculusAvatar/Content/Materials/v1/Inst/On/N_OFF_P_OFF/OculusAvatar8Layers_Inst_5Layers.uasset" 524
"../../Plugins/Runtime/Oculus/OculusAvatar/Content/Materials/v1/Inst/On/N_OFF_P_OFF/OculusAvatar8Layers_Inst_6Layers.uasset" 525
"../../Plugins/Runtime/Oculus/OculusAvatar/Content/Materials/v1/Inst/On/N_OFF_P_OFF/OculusAvatar8Layers_Inst_7Layers.uasset" 526
"../../Plugins/Runtime/Oculus/OculusAvatar/Content/Materials/v1/Inst/On/N_OFF_P_OFF/OculusAvatar8Layers_Inst_8Layers.uasset" 527
"../../Plugins/Runtime/Oculus/OculusAvatar/Content/Materials/v1/Inst/On/N_OFF_P_ON/OculusAvatar8Layers_Inst_0Layers.uasset" 528
"../../Plugins/Runtime/Oculus/OculusAvatar/Content/Materials/v1/Inst/On/N_OFF_P_ON/OculusAvatar8Layers_Inst_1Layers.uasset" 529
"../../Plugins/Runtime/Oculus/OculusAvatar/Content/Materials/v1/Inst/On/N_OFF_P_ON/OculusAvatar8Layers_Inst_2Layers.uasset" 530
"../../Plugins/Runtime/Oculus/OculusAvatar/Content/Materials/v1/Inst/On/N_OFF_P_ON/OculusAvatar8Layers_Inst_3Layers.uasset" 531
"../../Plugins/Runtime/Oculus/OculusAvatar/Content/Materials/v1/Inst/On/N_OFF_P_ON/OculusAvatar8Layers_Inst_4Layers.uasset" 532
"../../Plugins/Runtime/Oculus/OculusAvatar/Content/Materials/v1/Inst/On/N_OFF_P_ON/OculusAvatar8Layers_Inst_5Layers.uasset" 533
"../../Plugins/Runtime/Oculus/OculusAvatar/Content/Materials/v1/Inst/On/N_OFF_P_ON/OculusAvatar8Layers_Inst_6Layers.uasset" 534
"../../Plugins/Runtime/Oculus/OculusAvatar/Content/Materials/v1/Inst/On/N_OFF_P_ON/OculusAvatar8Layers_Inst_7Layers.uasset" 535
"../../Plugins/Runtime/Oculus/OculusAvatar/Content/Materials/v1/Inst/On/N_OFF_P_ON/OculusAvatar8Layers_Inst_8Layers.uasset" 536
"../../Plugins/Runtime/Oculus/OculusAvatar/Content/Materials/v1/Inst/On/N_ON_P_OFF/OculusAvatar8Layers_Inst_0Layers.uasset" 537
"../../Plugins/Runtime/Oculus/OculusAvatar/Content/Materials/v1/Inst/On/N_ON_P_OFF/OculusAvatar8Layers_Inst_1Layers.uasset" 538
"../../Plugins/Runtime/Oculus/OculusAvatar/Content/Materials/v1/Inst/On/N_ON_P_OFF/OculusAvatar8Layers_Inst_2Layers.uasset" 539
"../../Plugins/Runtime/Oculus/OculusAvatar/Content/Materials/v1/Inst/On/N_ON_P_OFF/OculusAvatar8Layers_Inst_3Layers.uasset" 540
"../../Plugins/Runtime/Oculus/OculusAvatar/Content/Materials/v1/Inst/On/N_ON_P_OFF/OculusAvatar8Layers_Inst_4Layers.uasset" 541
"../../Plugins/Runtime/Oculus/OculusAvatar/Content/Materials/v1/Inst/On/N_ON_P_OFF/OculusAvatar8Layers_Inst_5Layers.uasset" 542
"../../Plugins/Runtime/Oculus/OculusAvatar/Content/Materials/v1/Inst/On/N_ON_P_OFF/OculusAvatar8Layers_Inst_6Layers.uasset" 543
"../../Plugins/Runtime/Oculus/OculusAvatar/Content/Materials/v1/Inst/On/N_ON_P_OFF/OculusAvatar8Layers_Inst_7Layers.uasset" 544
"../../Plugins/Runtime/Oculus/OculusAvatar/Content/Materials/v1/Inst/On/N_ON_P_OFF/OculusAvatar8Layers_Inst_8Layers.uasset" 545
"../../Plugins/Runtime/Oculus/OculusAvatar/Content/Materials/v1/Inst/On/N_ON_P_ON/OculusAvatar8Layers_Inst_0Layers.uasset" 546
"../../Plugins/Runtime/Oculus/OculusAvatar/Content/Materials/v1/Inst/On/N_ON_P_ON/OculusAvatar8Layers_Inst_1Layers.uasset" 547
"../../Plugins/Runtime/Oculus/OculusAvatar/Content/Materials/v1/Inst/On/N_ON_P_ON/OculusAvatar8Layers_Inst_2Layers.uasset" 548
"../../Plugins/Runtime/Oculus/OculusAvatar/Content/Materials/v1/Inst/On/N_ON_P_ON/OculusAvatar8Layers_Inst_3Layers.uasset" 549
"../../Plugins/Runtime/Oculus/OculusAvatar/Content/Materials/v1/Inst/On/N_ON_P_ON/OculusAvatar8Layers_Inst_4Layers.uasset" 550
"../../Plugins/Runtime/Oculus/OculusAvatar/Content/Materials/v1/Inst/On/N_ON_P_ON/OculusAvatar8Layers_Inst_5Layers.uasset" 551
"../../Plugins/Runtime/Oculus/OculusAvatar/Content/Materials/v1/Inst/On/N_ON_P_ON/OculusAvatar8Layers_Inst_6Layers.uasset" 552
"../../Plugins/Runtime/Oculus/OculusAvatar/Content/Materials/v1/Inst/On/N_ON_P_ON/OculusAvatar8Layers_Inst_7Layers.uasset" 553
"../../Plugins/Runtime/Oculus/OculusAvatar/Content/Materials/v1/Inst/On/N_ON_P_ON/OculusAvatar8Layers_Inst_8Layers.uasset" 554
"../../../Engine/Content/Functions/Engine_MaterialFunctions02/Utility/BreakOutFloat4Components.uasset" 555
"../../Plugins/Runtime/Oculus/OculusVR/Content/Materials/OculusMR_ChromaKey.uasset" 556
"../../Plugins/Runtime/Oculus/OculusVR/Content/Materials/OculusMR_ChromaKey_Lit.uasset" 557
"../../Plugins/Runtime/Oculus/OculusVR/Content/Materials/OculusMR_OpaqueColoredMaterial.uasset" 558
"../../Plugins/Runtime/Oculus/OculusVR/Content/Materials/OculusMR_WhiteMaterial.uasset" 559
"../../Plugins/Runtime/Oculus/OculusVR/Content/Materials/PokeAHoleMaterial.uasset" 560
"../../Plugins/Runtime/Oculus/OculusVR/Content/Textures/GearVRController_AO.uasset" 561
"../../Plugins/Runtime/Oculus/OculusVR/Content/Textures/GearVRController_Color.uasset" 562
"../../Plugins/Runtime/Oculus/OculusVR/Content/Textures/GearVRController_Normal.uasset" 563
"../../Plugins/Runtime/Oculus/OculusVR/Content/Materials/GearVRControllerMaterial.uasset" 564
"../../Plugins/Runtime/Oculus/OculusVR/Content/Meshes/GearVrController.uasset" 565
"../../Plugins/Runtime/Oculus/OculusVR/Content/Textures/touchController_albedo.uasset" 566
"../../Plugins/Runtime/Oculus/OculusVR/Content/Textures/touchController_controlmap.uasset" 567
"../../Plugins/Runtime/Oculus/OculusVR/Content/Materials/touchController_mat.uasset" 568
"../../Plugins/Runtime/Oculus/OculusVR/Content/Meshes/LeftTouchController.uasset" 569
"../../Plugins/Runtime/Oculus/OculusVR/Content/Meshes/RiftHMD.uasset" 570
"../../Plugins/Runtime/Oculus/OculusVR/Content/Meshes/RightTouchController.uasset" 571
"../../../../../UE4/UE4 Training/BloomeeProjectsDSI2/Content/SamalIsland/Datasmith/Cottage2/Cottage2.uasset" 572
"../../../Engine/Content/Maps/Entry_BuiltData.uasset" 573
"../../../Engine/Content/Maps/Entry.umap" 574
"../../../../../UE4/UE4 Training/BloomeeProjectsDSI2/Content/SamalIsland/Maps/Beach1_BuiltData.uasset" 575
"../../../../../UE4/UE4 Training/BloomeeProjectsDSI2/Content/SamalIsland/TropicalOceanTool/Textures/Landscape/T_Sand_N.uasset" 576
"../../../../../UE4/UE4 Training/BloomeeProjectsDSI2/Content/SamalIsland/TropicalOceanTool/Textures/Landscape/T_Sand_R.uasset" 577
"../../../../../UE4/UE4 Training/BloomeeProjectsDSI2/Content/SamalIsland/Materials/M_ColorBase.uasset" 578
"../../../../../UE4/UE4 Training/BloomeeProjectsDSI2/Content/SamalIsland/Materials/MI_Green.uasset" 579
"../../../../../UE4/UE4 Training/BloomeeProjectsDSI2/Content/SamalIsland/Materials/MI_Blue.uasset" 580
"../../../../../UE4/UE4 Training/BloomeeProjectsDSI2/Content/SamalIsland/Materials/MI_Yellow.uasset" 581
"../../../../../UE4/UE4 Training/BloomeeProjectsDSI2/Content/SamalIsland/Materials/MI_Peach.uasset" 582
"../../../../../UE4/UE4 Training/BloomeeProjectsDSI2/Content/SamalIsland/Materials/MI_RoofBlue.uasset" 583
"../../../../../UE4/UE4 Training/BloomeeProjectsDSI2/Content/SamalIsland/Materials/MI_Steel.uasset" 584
"../../../../../UE4/UE4 Training/BloomeeProjectsDSI2/Content/SamalIsland/Materials/MI_White.uasset" 585
"../../../../../UE4/UE4 Training/BloomeeProjectsDSI2/Content/SamalIsland/Materials/MI_Wood.uasset" 586
"../../../../../UE4/UE4 Training/BloomeeProjectsDSI2/Content/SamalIsland/Materials/MI_Wood_Dark.uasset" 587
"../../../../../UE4/UE4 Training/BloomeeProjectsDSI2/Content/SamalIsland/Datasmith/SamalIsland/Geometries/blackwood_beachsupport1.uasset" 588
"../../../../../UE4/UE4 Training/BloomeeProjectsDSI2/Content/SamalIsland/Datasmith/SamalIsland/Geometries/cloth_beacbed1.uasset" 589
"../../../../../UE4/UE4 Training/BloomeeProjectsDSI2/Content/SamalIsland/Datasmith/SamalIsland/Geometries/umbrella_beachumbrella.uasset" 590
"../../../../../UE4/UE4 Training/BloomeeProjectsDSI2/Content/SamalIsland/Datasmith/SamalIsland/Geometries/white_stick.uasset" 591
"../../../../../UE4/UE4 Training/BloomeeProjectsDSI2/Content/SamalIsland/Datasmith/SamalIsland/Geometries/wood1_floor.uasset" 592
"../../../../../UE4/UE4 Training/BloomeeProjectsDSI2/Content/SamalIsland/Datasmith/SamalIsland/Geometries/wood2_fences.uasset" 593
"../../../../../UE4/UE4 Training/BloomeeProjectsDSI2/Content/SamalIsland/Datasmith/SamalIsland/Geometries/wood2_pillars.uasset" 594
"../../../../../UE4/UE4 Training/BloomeeProjectsDSI2/Content/SamalIsland/Datasmith/SamalIsland/Geometries/wood2_support.uasset" 595
"../../../../../UE4/UE4 Training/BloomeeProjectsDSI2/Content/SamalIsland/Datasmith/SamalIsland/Geometries/wood3_bungalowroof_2.uasset" 596
"../../../../../UE4/UE4 Training/BloomeeProjectsDSI2/Content/SamalIsland/Datasmith/SamalIsland/roof1_roof1a_bungalowroof_4.uasset" 597
"../../../../../UE4/UE4 Training/BloomeeProjectsDSI2/Content/SamalIsland/Maps/Beach1.umap" 598
"../../../../../UE4/UE4 Training/BloomeeProjectsDSI2/Content/SamalIsland/Maps/Beach2_BuiltData.uasset" 599
"../../../../../UE4/UE4 Training/BloomeeProjectsDSI2/Content/SamalIsland/Maps/Beach2.umap" 600
"../../../../../UE4/UE4 Training/BloomeeProjectsDSI2/Content/SamalIsland/Maps/Cottage_BuiltData.uasset" 601
"../../../../../UE4/UE4 Training/BloomeeProjectsDSI2/Content/SamalIsland/Textures/door.uasset" 602
"../../../../../UE4/UE4 Training/BloomeeProjectsDSI2/Content/SamalIsland/Materials/M_Door.uasset" 603
"../../../../../UE4/UE4 Training/BloomeeProjectsDSI2/Content/SamalIsland/Textures/wall1.uasset" 604
"../../../../../UE4/UE4 Training/BloomeeProjectsDSI2/Content/SamalIsland/Materials/M_wall.uasset" 605
"../../../../../UE4/UE4 Training/BloomeeProjectsDSI2/Content/SamalIsland/Textures/roof1.uasset" 606
"../../../../../UE4/UE4 Training/BloomeeProjectsDSI2/Content/SamalIsland/Materials/M_Roof.uasset" 607
"../../../../../UE4/UE4 Training/BloomeeProjectsDSI2/Content/SamalIsland/Materials/MI_Roof.uasset" 608
"../../../../../UE4/UE4 Training/BloomeeProjectsDSI2/Content/SamalIsland/Materials/MI_Wood_Floor.uasset" 609
"../../../../../UE4/UE4 Training/BloomeeProjectsDSI2/Content/SamalIsland/Datasmith/Cottage/SM_Balusters.uasset" 610
"../../../../../UE4/UE4 Training/BloomeeProjectsDSI2/Content/SamalIsland/Datasmith/Cottage/SM_CottageFloor.uasset" 611
"../../../../../UE4/UE4 Training/BloomeeProjectsDSI2/Content/SamalIsland/Datasmith/Cottage/SM_CottageHouse.uasset" 612
"../../../../../UE4/UE4 Training/BloomeeProjectsDSI2/Content/SamalIsland/Datasmith/Cottage/SM_CottageStairs.uasset" 613
"../../../../../UE4/UE4 Training/BloomeeProjectsDSI2/Content/SamalIsland/Datasmith/Cottage/SM_Railings.uasset" 614
"../../../../../UE4/UE4 Training/BloomeeProjectsDSI2/Content/SamalIsland/Datasmith/Cottage/SM_StairRailings.uasset" 615
"../../../../../UE4/UE4 Training/BloomeeProjectsDSI2/Content/SamalIsland/Datasmith/Cottage/SM_Stilts.uasset" 616
"../../../../../UE4/UE4 Training/BloomeeProjectsDSI2/Content/SamalIsland/Datasmith/Cottage/SM_Sweep.uasset" 617
"../../../../../UE4/UE4 Training/BloomeeProjectsDSI2/Content/SamalIsland/Maps/Cottage.umap" 618
"../../../../../UE4/UE4 Training/BloomeeProjectsDSI2/Content/SamalIsland/NewGameMode.uasset" 619
"../../../Engine/Content/Functions/Engine_MaterialFunctions03/ComplexMotion/Motion_4WayChaos.uasset" 620
"../../../Engine/Content/EngineResources/DefaultTexture.uasset" 621
"../../../../../UE4/UE4 Training/BloomeeProjectsDSI2/Content/SamalIsland/TropicalOceanTool/Textures/T_Caustics.uasset" 622
"../../../../../UE4/UE4 Training/BloomeeProjectsDSI2/Content/SamalIsland/TropicalOceanTool/Materials/Effects/Master/M_CausticsDecal.uasset" 623
"../../../../../UE4/UE4 Training/BloomeeProjectsDSI2/Content/SamalIsland/TropicalOceanTool/Materials/Effects/MI_CausticsDecal.uasset" 624
"../../../../../UE4/UE4 Training/BloomeeProjectsDSI2/Content/SamalIsland/TropicalOceanTool/Materials/Functions/MPC_Ocean.uasset" 625
"../../../Engine/Content/Functions/Engine_MaterialFunctions02/ExampleContent/Textures/LowResBlurredNoise.uasset" 626
"../../../../../UE4/UE4 Training/BloomeeProjectsDSI2/Content/SamalIsland/TropicalOceanTool/Textures/T_SoftWater_N.uasset" 627
"../../../../../UE4/UE4 Training/BloomeeProjectsDSI2/Content/SamalIsland/TropicalOceanTool/Materials/Effects/Master/M_UnderwaterPostEffect.uasset" 628
"../../../../../UE4/UE4 Training/BloomeeProjectsDSI2/Content/SamalIsland/TropicalOceanTool/Materials/Effects/MI_UnderwaterPostEffect.uasset" 629
"../../../Engine/Content/Functions/Engine_MaterialFunctions02/Utility/BlendAngleCorrectedNormals.uasset" 630
"../../../Engine/Content/Functions/Engine_MaterialFunctions02/Utility/DitherTemporalAA.uasset" 631
"../../../Engine/Content/Functions/Engine_MaterialFunctions03/Blends/Blend_Overlay.uasset" 632
"../../../Engine/Content/Functions/MaterialLayerFunctions/MatLayerBlend_Standard.uasset" 633
"../../../../../UE4/UE4 Training/BloomeeProjectsDSI2/Content/SamalIsland/TropicalOceanTool/Materials/Functions/MF_Motion4WayChaos.uasset" 634
"../../../Engine/Content/Functions/Engine_MaterialFunctions02/ExampleContent/Textures/water_d.uasset" 635
"../../../../../UE4/UE4 Training/BloomeeProjectsDSI2/Content/SamalIsland/TropicalOceanTool/Materials/Functions/MF_MotionTexture.uasset" 636
"../../../Engine/Content/Functions/Engine_MaterialFunctions02/ExampleContent/Textures/water_n.uasset" 637
"../../../../../UE4/UE4 Training/BloomeeProjectsDSI2/Content/SamalIsland/TropicalOceanTool/Materials/Functions/MF_MotionTexture_Normal.uasset" 638
"../../../Engine/Content/Functions/Engine_MaterialFunctions01/Density/ExponentialDensity.uasset" 639
"../../../Engine/Content/Functions/Engine_MaterialFunctions01/Gradient/RadialGradientExponential.uasset" 640
"../../../../../UE4/UE4 Training/BloomeeProjectsDSI2/Content/SamalIsland/TropicalOceanTool/Materials/Functions/RT_Waves.uasset" 641
"../../../../../UE4/UE4 Training/BloomeeProjectsDSI2/Content/SamalIsland/TropicalOceanTool/Materials/Functions/MF_OceanDisplacement.uasset" 642
"../../../../../UE4/UE4 Training/BloomeeProjectsDSI2/Content/SamalIsland/TropicalOceanTool/Textures/Water/T_Foam_D_2.uasset" 643
"../../../../../UE4/UE4 Training/BloomeeProjectsDSI2/Content/SamalIsland/TropicalOceanTool/Textures/Water/T_Foam_D_3.uasset" 644
"../../../../../UE4/UE4 Training/BloomeeProjectsDSI2/Content/SamalIsland/TropicalOceanTool/Textures/Water/T_Foam_N_2.uasset" 645
"../../../../../UE4/UE4 Training/BloomeeProjectsDSI2/Content/SamalIsland/TropicalOceanTool/Textures/Water/T_Foam_N_3.uasset" 646
"../../../../../UE4/UE4 Training/BloomeeProjectsDSI2/Content/SamalIsland/TropicalOceanTool/Textures/Water/T_Water_H_2.uasset" 647
"../../../../../UE4/UE4 Training/BloomeeProjectsDSI2/Content/SamalIsland/TropicalOceanTool/Textures/Water/T_Water_H_3.uasset" 648
"../../../../../UE4/UE4 Training/BloomeeProjectsDSI2/Content/SamalIsland/TropicalOceanTool/Textures/Water/T_Water_N_2.uasset" 649
"../../../../../UE4/UE4 Training/BloomeeProjectsDSI2/Content/SamalIsland/TropicalOceanTool/Textures/Water/T_Water_N_3.uasset" 650
"../../../../../UE4/UE4 Training/BloomeeProjectsDSI2/Content/SamalIsland/TropicalOceanTool/Materials/Ocean/Master/M_Ocean_NewShading_Master.uasset" 651
"../../../../../UE4/UE4 Training/BloomeeProjectsDSI2/Content/SamalIsland/TropicalOceanTool/Materials/Ocean/MI_Ocean_NewShading.uasset" 652
"../../../../../UE4/UE4 Training/BloomeeProjectsDSI2/Content/SamalIsland/Textures/T_Water_D.uasset" 653
"../../../../../UE4/UE4 Training/BloomeeProjectsDSI2/Content/SamalIsland/TropicalOceanTool/Materials/Ocean/Master/M_Ocean_Master_Cheap.uasset" 654
"../../../../../UE4/UE4 Training/BloomeeProjectsDSI2/Content/SamalIsland/TropicalOceanTool/Materials/Ocean/MI_Ocean_Cheap.uasset" 655
"../../../../../UE4/UE4 Training/BloomeeProjectsDSI2/Content/SamalIsland/TropicalOceanTool/Meshes/S_OceanMesh.uasset" 656
"../../../../../UE4/UE4 Training/BloomeeProjectsDSI2/Content/SamalIsland/TropicalOceanTool/Textures/T_Bubble.uasset" 657
"../../../../../UE4/UE4 Training/BloomeeProjectsDSI2/Content/SamalIsland/TropicalOceanTool/Materials/Effects/Master/M_BubbleEffect.uasset" 658
"../../../Engine/Content/Functions/Engine_MaterialFunctions01/Gradient/SphereGradient-2D.uasset" 659
"../../../../../UE4/UE4 Training/BloomeeProjectsDSI2/Content/SamalIsland/TropicalOceanTool/Materials/Effects/Master/M_MoteEffect.uasset" 660
"../../../Engine/Content/EngineVolumetrics/LightBeam/Materials/T_EV_DustPanner_01.uasset" 661
"../../../Engine/Content/EngineVolumetrics/LightBeam/Materials/T_EV_LightBeam_Falloff_01.uasset" 662
"../../../Engine/Content/EngineVolumetrics/LightBeam/Materials/T_EV_LightBeam_Falloff_02.uasset" 663
"../../../../../UE4/UE4 Training/BloomeeProjectsDSI2/Content/SamalIsland/TropicalOceanTool/Materials/Effects/Master/M_LightshaftEffect.uasset" 664
"../../../../../UE4/UE4 Training/BloomeeProjectsDSI2/Content/SamalIsland/TropicalOceanTool/Materials/Effects/MI_LightshaftEffect.uasset" 665
"../../../Engine/Content/EngineVolumetrics/LightBeam/Materials/M_EV_Lightbeam_Master_01.uasset" 666
"../../../Engine/Content/EngineVolumetrics/LightBeam/Mesh/S_EV_SimpleLightBeam_01.uasset" 667
"../../../../../UE4/UE4 Training/BloomeeProjectsDSI2/Content/SamalIsland/TropicalOceanTool/Particles/PS_UnderwaterLightShafts.uasset" 668
"../../../../../UE4/UE4 Training/BloomeeProjectsDSI2/Content/SamalIsland/TropicalOceanTool/Particles/PS_UnderwaterSplash.uasset" 669
"../../../../../UE4/UE4 Training/BloomeeProjectsDSI2/Content/SamalIsland/TropicalOceanTool/Blueprints/BP_OceanWater.uasset" 670
"../../../../../UE4/UE4 Training/BloomeeProjectsDSI2/Content/VirtualReality/Mannequin/Character/Mesh/MannequinHand_Right_Skeleton.uasset" 671
"../../../../../UE4/UE4 Training/BloomeeProjectsDSI2/Content/VirtualReality/Mannequin/Animations/MannequinHand_Right_CanGrab.uasset" 672
"../../../../../UE4/UE4 Training/BloomeeProjectsDSI2/Content/VirtualReality/Mannequin/Animations/MannequinHand_Right_Grab.uasset" 673
"../../../../../UE4/UE4 Training/BloomeeProjectsDSI2/Content/VirtualReality/Mannequin/Animations/MannequinHand_Right_Open.uasset" 674
"../../../../../UE4/UE4 Training/BloomeeProjectsDSI2/Content/VirtualReality/Mannequin/Animations/RightGrip_BS.uasset" 675
"../../../../../UE4/UE4 Training/BloomeeProjectsDSI2/Content/VirtualRealityBP/Blueprints/GripEnum.uasset" 676
"../../../../../UE4/UE4 Training/BloomeeProjectsDSI2/Content/VirtualReality/Mannequin/Animations/RightHand_AnimBP.uasset" 677
"../../../../../UE4/UE4 Training/BloomeeProjectsDSI2/Content/VirtualRealityBP/Blueprints/PickupActorInterface.uasset" 678
"../../../../../UE4/UE4 Training/BloomeeProjectsDSI2/Content/VirtualRealityBP/Blueprints/MotionControllerHaptics.uasset" 679
"../../../Engine/Content/Functions/Engine_MaterialFunctions02/Utility/DepthFromWorldPosition.uasset" 680
"../../../../../UE4/UE4 Training/BloomeeProjectsDSI2/Content/VirtualReality/Materials/MF_OccludedPixels.uasset" 681
"../../../../../UE4/UE4 Training/BloomeeProjectsDSI2/Content/VirtualReality/Materials/TeleportMCP.uasset" 682
"../../../../../UE4/UE4 Training/BloomeeProjectsDSI2/Content/VirtualReality/Materials/M_ArcEndpoint.uasset" 683
"../../../../../UE4/UE4 Training/BloomeeProjectsDSI2/Content/VirtualReality/Materials/M_SplineArcMat.uasset" 684
"../../../../../UE4/UE4 Training/BloomeeProjectsDSI2/Content/VirtualReality/Materials/M_TeleportPreviews.uasset" 685
"../../../../../UE4/UE4 Training/BloomeeProjectsDSI2/Content/VirtualReality/Materials/MI_ChaperoneOutline.uasset" 686
"../../../../../UE4/UE4 Training/BloomeeProjectsDSI2/Content/VirtualReality/Materials/MI_TeleportCylinderPreview.uasset" 687
"../../../Engine/Content/BasicShapes/Cylinder.uasset" 688
"../../../Engine/Content/BasicShapes/Sphere.uasset" 689
"../../../../../UE4/UE4 Training/BloomeeProjectsDSI2/Content/VirtualReality/Mannequin/Character/Textures/UE4_Mannequin__normals.uasset" 690
"../../../../../UE4/UE4 Training/BloomeeProjectsDSI2/Content/VirtualReality/Mannequin/Character/Textures/UE4_Mannequin_MAT_MASKA.uasset" 691
"../../../../../UE4/UE4 Training/BloomeeProjectsDSI2/Content/VirtualReality/Mannequin/Character/Materials/M_HandMat.uasset" 692
"../../../../../UE4/UE4 Training/BloomeeProjectsDSI2/Content/VirtualReality/Mannequin/Character/Mesh/MannequinHand_Right_PhysicsAsset.uasset" 693
"../../../../../UE4/UE4 Training/BloomeeProjectsDSI2/Content/VirtualReality/Mannequin/Character/Mesh/MannequinHand_Right.uasset" 694
"../../../../../UE4/UE4 Training/BloomeeProjectsDSI2/Content/VirtualReality/Meshes/1x1_cube.uasset" 695
"../../../../../UE4/UE4 Training/BloomeeProjectsDSI2/Content/VirtualReality/Meshes/BeaconDirection.uasset" 696
"../../../../../UE4/UE4 Training/BloomeeProjectsDSI2/Content/VirtualReality/Meshes/BeamMesh.uasset" 697
"../../../../../UE4/UE4 Training/BloomeeProjectsDSI2/Content/VirtualReality/Meshes/SM_FatCylinder.uasset" 698
"../../../../../UE4/UE4 Training/BloomeeProjectsDSI2/Content/VirtualRealityBP/Blueprints/BP_MotionController.uasset" 699
"../../../../../UE4/UE4 Training/BloomeeProjectsDSI2/Content/VirtualRealityBP/Blueprints/MotionControllerPawn.uasset" 700
"../../../Engine/Content/Functions/Engine_MaterialFunctions02/WorldPositionOffset/ObjectPivotPoint.uasset" 701
"../../Plugins/Runtime/HDRIBackdrop/Content/Materials/HDRI_Attributes.uasset" 702
"../../Plugins/Runtime/HDRIBackdrop/Content/Materials/HDRI_Projection.uasset" 703
"../../Plugins/Runtime/HDRIBackdrop/Content/Materials/MI_HDRI_CameraProjection.uasset" 704
"../../Plugins/Runtime/HDRIBackdrop/Content/Materials/MI_HDRI_CenterProjection.uasset" 705
"../../Plugins/Runtime/HDRIBackdrop/Content/Meshes/EnviroDome.uasset" 706
"../../Plugins/Runtime/HDRIBackdrop/Content/Textures/approaching_storm_4k.uasset" 707
"../../Plugins/Runtime/HDRIBackdrop/Content/Blueprints/HDRIBackdrop.uasset" 708
"../../../Engine/Content/Functions/Engine_MaterialFunctions02/WorldPositionOffset/ObjectScale.uasset" 709
"../../../../../UE4/UE4 Training/BloomeeProjectsDSI2/Content/SamalIsland/Tropical_Jungle_Pack/Materials/Impostor/Functions/FrameBlendWeights.uasset" 710
"../../../../../UE4/UE4 Training/BloomeeProjectsDSI2/Content/SamalIsland/Tropical_Jungle_Pack/Materials/Impostor/Functions/FrameBlendWeights_TextureObject.uasset" 711
"../../../Engine/Content/Functions/Engine_MaterialFunctions02/Math/InverseTransformMatrix.uasset" 712
"../../../../../UE4/UE4 Training/BloomeeProjectsDSI2/Content/SamalIsland/Tropical_Jungle_Pack/Materials/Impostor/Functions/ImposterFrameTransform.uasset" 713
"../../../Engine/Content/Functions/Engine_MaterialFunctions01/Vectors/OctahedronToUnitVector.uasset" 714
"../../../../../UE4/UE4 Training/BloomeeProjectsDSI2/Content/SamalIsland/Tropical_Jungle_Pack/Materials/Impostor/Functions/HemiOctahedronToUnitVector.uasset" 715
"../../../Engine/Content/Functions/Engine_MaterialFunctions01/Vectors/UnitVectorToOctahedron.uasset" 716
"../../../../../UE4/UE4 Training/BloomeeProjectsDSI2/Content/SamalIsland/Tropical_Jungle_Pack/Materials/Impostor/Functions/UnitVectorToHemiOctahedra.uasset" 717
"../../../../../UE4/UE4 Training/BloomeeProjectsDSI2/Content/SamalIsland/Tropical_Jungle_Pack/Materials/Impostor/Functions/ImpostorGridToVector.uasset" 718
"../../../../../UE4/UE4 Training/BloomeeProjectsDSI2/Content/SamalIsland/Tropical_Jungle_Pack/Materials/Impostor/Functions/ImposterFrameTransform_Setup.uasset" 719
"../../../../../UE4/UE4 Training/BloomeeProjectsDSI2/Content/SamalIsland/Tropical_Jungle_Pack/Materials/Impostor/Functions/ImposterSpriteProjection.uasset" 720
"../../../../../UE4/UE4 Training/BloomeeProjectsDSI2/Content/SamalIsland/Tropical_Jungle_Pack/Materials/Impostor/Functions/ImpostorInfo.uasset" 721
"../../../../../UE4/UE4 Training/BloomeeProjectsDSI2/Content/SamalIsland/Tropical_Jungle_Pack/Materials/Impostor/Functions/TriangleInterpolator.uasset" 722
"../../../../../UE4/UE4 Training/BloomeeProjectsDSI2/Content/SamalIsland/Tropical_Jungle_Pack/Materials/Impostor/Functions/TriangulatedWireframe.uasset" 723
"../../../Engine/Content/Functions/Engine_MaterialFunctions02/SafeNormalize.uasset" 724
"../../../Engine/Content/Functions/Engine_MaterialFunctions02/Math/CreateThirdOrthogonalVector.uasset" 725
"../../../../../UE4/UE4 Training/BloomeeProjectsDSI2/Content/SamalIsland/Tropical_Jungle_Pack/Materials/Impostor/Functions/VirtualPlaneCoordinates_Imposter.uasset" 726
"../../../../../UE4/UE4 Training/BloomeeProjectsDSI2/Content/SamalIsland/Tropical_Jungle_Pack/Materials/Impostor/Functions/Impostor_ThreeFrameBlend.uasset" 727
"../../../Engine/Content/EngineVolumetrics/Fogsheet/Materials/T_EV_BlankWhite_01.uasset" 728
"../../../../../UE4/UE4 Training/BloomeeProjectsDSI2/Content/SamalIsland/Tropical_Jungle_Pack/Materials/Impostor/M_Impostor_SimpleOffset.uasset" 729
"../../../../../UE4/UE4 Training/BloomeeProjectsDSI2/Content/SamalIsland/Tropical_Jungle_Pack/Textures/Impostor/T_PalmCoconut_01_Impostor_BaseColor.uasset" 730
"../../../../../UE4/UE4 Training/BloomeeProjectsDSI2/Content/SamalIsland/Tropical_Jungle_Pack/Textures/Impostor/T_PalmCoconut_01_Impostor_Normal.uasset" 731
"../../../../../UE4/UE4 Training/BloomeeProjectsDSI2/Content/SamalIsland/Tropical_Jungle_Pack/Materials/Instances/Impostor/MI_PalmCoconut_01_Impostor.uasset" 732
"../../../Engine/Content/Functions/Engine_MaterialFunctions02/Math/AddComponents.uasset" 733
"../../../Engine/Content/Functions/Engine_MaterialFunctions02/ObjectLocalToWorldData.uasset" 734
"../../../Engine/Content/Functions/Engine_MaterialFunctions02/WorldPositionOffset/Wind.uasset" 735
"../../../Engine/Content/Functions/Engine_MaterialFunctions02/PivotPainter/PivotPainter_PerObjectFoliageData.uasset" 736
"../../../Engine/Content/Functions/Engine_MaterialFunctions02/Texturing/WorldPositionWithScale.uasset" 737
"../../../../../UE4/UE4 Training/BloomeeProjectsDSI2/Content/SamalIsland/Tropical_Jungle_Pack/Materials/MPC/MPC_Tree_Wind.uasset" 738
"../../../../../UE4/UE4 Training/BloomeeProjectsDSI2/Content/SamalIsland/Tropical_Jungle_Pack/Textures/Default/T_Default_N.uasset" 739
"../../../../../UE4/UE4 Training/BloomeeProjectsDSI2/Content/SamalIsland/Tropical_Jungle_Pack/Textures/Default/T_Default_S.uasset" 740
"../../../../../UE4/UE4 Training/BloomeeProjectsDSI2/Content/SamalIsland/Tropical_Jungle_Pack/Textures/Default/T_DefaultGrey_D.uasset" 741
"../../../../../UE4/UE4 Training/BloomeeProjectsDSI2/Content/SamalIsland/Tropical_Jungle_Pack/Materials/Masters/M_Tree_Foliage_WIND_PivotP1.uasset" 742
"../../../../../UE4/UE4 Training/BloomeeProjectsDSI2/Content/SamalIsland/Tropical_Jungle_Pack/Textures/Trees/T_TreePalmCoconut01_FO_D.uasset" 743
"../../../../../UE4/UE4 Training/BloomeeProjectsDSI2/Content/SamalIsland/Tropical_Jungle_Pack/Textures/Trees/T_TreePalmCoconut01_FO_N.uasset" 744
"../../../../../UE4/UE4 Training/BloomeeProjectsDSI2/Content/SamalIsland/Tropical_Jungle_Pack/Textures/Trees/T_TreePalmCoconut01_FO_S.uasset" 745
"../../../../../UE4/UE4 Training/BloomeeProjectsDSI2/Content/SamalIsland/Tropical_Jungle_Pack/Textures/Trees/T_TreePalmCoconut01_FO_T.uasset" 746
"../../../../../UE4/UE4 Training/BloomeeProjectsDSI2/Content/SamalIsland/Tropical_Jungle_Pack/Materials/Instances/Trees/MI_Tree_Palm01_FO.uasset" 747
"../../../../../UE4/UE4 Training/BloomeeProjectsDSI2/Content/SamalIsland/Tropical_Jungle_Pack/Materials/Instances/Trees/MI_Tree_Palm_Fruit.uasset" 748
"../../../../../UE4/UE4 Training/BloomeeProjectsDSI2/Content/SamalIsland/Tropical_Jungle_Pack/Textures/Default/T_Default_D.uasset" 749
"../../../../../UE4/UE4 Training/BloomeeProjectsDSI2/Content/SamalIsland/Tropical_Jungle_Pack/Materials/Masters/M_Tree_TR_PivotP1.uasset" 750
"../../../../../UE4/UE4 Training/BloomeeProjectsDSI2/Content/SamalIsland/Tropical_Jungle_Pack/Textures/Trees/T_Tree_Palm_TR_D.uasset" 751
"../../../../../UE4/UE4 Training/BloomeeProjectsDSI2/Content/SamalIsland/Tropical_Jungle_Pack/Textures/Trees/T_Tree_Palm_TR_N.uasset" 752
"../../../../../UE4/UE4 Training/BloomeeProjectsDSI2/Content/SamalIsland/Tropical_Jungle_Pack/Textures/Trees/T_Tree_Palm_TR_S.uasset" 753
"../../../../../UE4/UE4 Training/BloomeeProjectsDSI2/Content/SamalIsland/Tropical_Jungle_Pack/Materials/Instances/Trees/MI_Tree_Palm_TR.uasset" 754
"../../../../../UE4/UE4 Training/BloomeeProjectsDSI2/Content/SamalIsland/Tropical_Jungle_Pack/Meshes/Trees/SM_PalmCoconut_01.uasset" 755
"../../../../../UE4/UE4 Training/BloomeeProjectsDSI2/Content/SamalIsland/Tropical_Jungle_Pack/FoliageType/FT_PalmCoconut_01.uasset" 756
"../../../../../UE4/UE4 Training/BloomeeProjectsDSI2/Content/SamalIsland/Tropical_Jungle_Pack/Textures/Impostor/T_PalmCoconut_03_Impostor_BaseColor.uasset" 757
"../../../../../UE4/UE4 Training/BloomeeProjectsDSI2/Content/SamalIsland/Tropical_Jungle_Pack/Textures/Impostor/T_PalmCoconut_03_Impostor_Normal.uasset" 758
"../../../../../UE4/UE4 Training/BloomeeProjectsDSI2/Content/SamalIsland/Tropical_Jungle_Pack/Materials/Instances/Impostor/MI_PalmCoconut_03_Impostor.uasset" 759
"../../../../../UE4/UE4 Training/BloomeeProjectsDSI2/Content/SamalIsland/Tropical_Jungle_Pack/Meshes/Trees/SM_PalmCoconut_03.uasset" 760
"../../../../../UE4/UE4 Training/BloomeeProjectsDSI2/Content/SamalIsland/Tropical_Jungle_Pack/FoliageType/FT_PalmCoconut_03.uasset" 761
"../../../../../UE4/UE4 Training/BloomeeProjectsDSI2/Content/SamalIsland/Tropical_Jungle_Pack/Textures/Impostor/T_Tree_Fern_02_Impostor_BaseColor.uasset" 762
"../../../../../UE4/UE4 Training/BloomeeProjectsDSI2/Content/SamalIsland/Tropical_Jungle_Pack/Textures/Impostor/T_Tree_Fern_02_Impostor_Normal.uasset" 763
"../../../../../UE4/UE4 Training/BloomeeProjectsDSI2/Content/SamalIsland/Tropical_Jungle_Pack/Materials/Instances/Impostor/MI_Tree_Fern_02_Impostor.uasset" 764
"../../../Engine/Content/Functions/Engine_MaterialFunctions01/SpeedTree/SpeedTreeColorVariation.uasset" 765
"../../../Engine/Content/Functions/Engine_MaterialFunctions02/Math/TimeWithSpeedVariable.uasset" 766
"../../../Engine/Content/Functions/Engine_MaterialFunctions02/Lerp_Multiple_Float2.uasset" 767
"../../../Engine/Content/Functions/Engine_MaterialFunctions02/ms_PivotPainter2_UnpackIntegerAsFloat.uasset" 768
"../../../Engine/Content/Functions/Engine_MaterialFunctions02/PivotPainter2/ms_PivotPainter2_CalculateMeshElementIndex.uasset" 769
"../../../Engine/Content/Functions/Engine_MaterialFunctions02/PivotPainter2/2dArrayLookupByIndex.uasset" 770
"../../../Engine/Content/Functions/Engine_MaterialFunctions02/PivotPainter2/ms_PivotPainter2_ReturnParentTextureInfo.uasset" 771
"../../../Engine/Content/Functions/Engine_MaterialFunctions02/FixRotateAboutAxisNormals.uasset" 772
"../../../Engine/Content/Functions/Engine_MaterialFunctions02/PivotPainter2/ms_PivotPainter2_Decode8BitAlphaAxisExtent.uasset" 773
"../../../Engine/Content/Functions/Engine_MaterialFunctions02/PivotPainter2/ms_PivotPainter2_DecodeAxisVector.uasset" 774
"../../../Engine/Content/Functions/Engine_MaterialFunctions02/PivotPainter2/ms_PivotPainter2_DecodePostion.uasset" 775
"../../../Engine/Content/Functions/Engine_MaterialFunctions02/ExampleContent/PivotPainter2/PP2_rgb_XVect_a_XExtent.uasset" 776
"../../../Engine/Content/Functions/Engine_MaterialFunctions02/ExampleContent/PivotPainter2/SimpExPivPos.uasset" 777
"../../../Engine/Content/Functions/Engine_MaterialFunctions02/ExampleContent/PivotPainter2/test2_rgb_PivotPos_a_ParentIndexInt_UV_2.uasset" 778
"../../../Engine/Content/Functions/Engine_MaterialFunctions02/ExampleContent/Textures/WindTurblenceVectorAndGustMagnitude.uasset" 779
"../../../../../UE4/UE4 Training/BloomeeProjectsDSI2/Content/SamalIsland/Tropical_Jungle_Pack/Materials/Material_Function/MF_PivotPainter2FoliageAnimation_MOD.uasset" 780
"../../../../../UE4/UE4 Training/BloomeeProjectsDSI2/Content/SamalIsland/Tropical_Jungle_Pack/Materials/Material_Function/MF_PivotPainter2_MOD.uasset" 781
"../../../../../UE4/UE4 Training/BloomeeProjectsDSI2/Content/SamalIsland/Tropical_Jungle_Pack/Materials/Masters/M_Tree_WIND_PivotP2.uasset" 782
"../../../../../UE4/UE4 Training/BloomeeProjectsDSI2/Content/SamalIsland/Tropical_Jungle_Pack/Textures/PivotPainter/T_Tree_Fern_02_PIV.uasset" 783
"../../../../../UE4/UE4 Training/BloomeeProjectsDSI2/Content/SamalIsland/Tropical_Jungle_Pack/Textures/PivotPainter/T_Tree_Fern_02_VEC.uasset" 784
"../../../../../UE4/UE4 Training/BloomeeProjectsDSI2/Content/SamalIsland/Tropical_Jungle_Pack/Textures/Trees/T_Fern_01_FO_D.uasset" 785
"../../../../../UE4/UE4 Training/BloomeeProjectsDSI2/Content/SamalIsland/Tropical_Jungle_Pack/Textures/Trees/T_Fern_01_FO_N.uasset" 786
"../../../../../UE4/UE4 Training/BloomeeProjectsDSI2/Content/SamalIsland/Tropical_Jungle_Pack/Textures/Trees/T_Fern_01_FO_S.uasset" 787
"../../../../../UE4/UE4 Training/BloomeeProjectsDSI2/Content/SamalIsland/Tropical_Jungle_Pack/Materials/Instances/Trees/MI_Tree_Fern_02_FO.uasset" 788
"../../../../../UE4/UE4 Training/BloomeeProjectsDSI2/Content/SamalIsland/Tropical_Jungle_Pack/Textures/Trees/T_Fern_01_TR_D.uasset" 789
"../../../../../UE4/UE4 Training/BloomeeProjectsDSI2/Content/SamalIsland/Tropical_Jungle_Pack/Textures/Trees/T_Fern_01_TR_N.uasset" 790
"../../../../../UE4/UE4 Training/BloomeeProjectsDSI2/Content/SamalIsland/Tropical_Jungle_Pack/Materials/Instances/Trees/MI_Tree_Fern_02_TR.uasset" 791
"../../../../../UE4/UE4 Training/BloomeeProjectsDSI2/Content/SamalIsland/Tropical_Jungle_Pack/Meshes/Trees/SM_Tree_Fern_02.uasset" 792
"../../../../../UE4/UE4 Training/BloomeeProjectsDSI2/Content/SamalIsland/Tropical_Jungle_Pack/FoliageType/FT_Tree_Fern_02.uasset" 793
"../../../../../UE4/UE4 Training/BloomeeProjectsDSI2/Content/SamalIsland/Tropical_Jungle_Pack/Textures/Impostor/T_Tree_Medium_02_Impostor_BaseColor.uasset" 794
"../../../../../UE4/UE4 Training/BloomeeProjectsDSI2/Content/SamalIsland/Tropical_Jungle_Pack/Textures/Impostor/T_Tree_Medium_02_Impostor_Normal.uasset" 795
"../../../../../UE4/UE4 Training/BloomeeProjectsDSI2/Content/SamalIsland/Tropical_Jungle_Pack/Materials/Instances/Impostor/MI_Tree_Medium_02_Impostor.uasset" 796
"../../../Engine/Content/Functions/Engine_MaterialFunctions01/WorldPositionOffset/SimpleGrassWind.uasset" 797
"../../../Engine/Content/Functions/Engine_MaterialFunctions02/ObjectLocalBounds.uasset" 798
"../../../Engine/Content/Functions/Engine_MaterialFunctions02/UVs/BoundingBoxBased_0-1_UVW.uasset" 799
"../../../../../UE4/UE4 Training/BloomeeProjectsDSI2/Content/SamalIsland/Tropical_Jungle_Pack/Materials/Masters/M_Tree_Foliage_WIND.uasset" 800
"../../../../../UE4/UE4 Training/BloomeeProjectsDSI2/Content/SamalIsland/Tropical_Jungle_Pack/Textures/Trees/T_Tree_Tropic_02_FO_D.uasset" 801
"../../../../../UE4/UE4 Training/BloomeeProjectsDSI2/Content/SamalIsland/Tropical_Jungle_Pack/Textures/Trees/T_Tree_Tropic_02_FO_N.uasset" 802
"../../../../../UE4/UE4 Training/BloomeeProjectsDSI2/Content/SamalIsland/Tropical_Jungle_Pack/Textures/Trees/T_Tree_Tropic_02_FO_S.uasset" 803
"../../../../../UE4/UE4 Training/BloomeeProjectsDSI2/Content/SamalIsland/Tropical_Jungle_Pack/Materials/Instances/Trees/MI_Tree_Medium_FO.uasset" 804
"../../../../../UE4/UE4 Training/BloomeeProjectsDSI2/Content/SamalIsland/Tropical_Jungle_Pack/Materials/Masters/M_Tree_Trunk_WIND.uasset" 805
"../../../../../UE4/UE4 Training/BloomeeProjectsDSI2/Content/SamalIsland/Tropical_Jungle_Pack/Textures/Trees/T_Tree_Banyan_01_TR_D.uasset" 806
"../../../../../UE4/UE4 Training/BloomeeProjectsDSI2/Content/SamalIsland/Tropical_Jungle_Pack/Textures/Trees/T_Tree_Banyan_01_TR_N.uasset" 807
"../../../../../UE4/UE4 Training/BloomeeProjectsDSI2/Content/SamalIsland/Tropical_Jungle_Pack/Textures/Trees/T_Tree_Banyan_01_TR_S.uasset" 808
"../../../../../UE4/UE4 Training/BloomeeProjectsDSI2/Content/SamalIsland/Tropical_Jungle_Pack/Materials/Instances/Trees/MI_Tree_Medium_TR.uasset" 809
"../../../../../UE4/UE4 Training/BloomeeProjectsDSI2/Content/SamalIsland/Tropical_Jungle_Pack/Meshes/Trees/SM_Tree_Medium_02.uasset" 810
"../../../../../UE4/UE4 Training/BloomeeProjectsDSI2/Content/SamalIsland/Tropical_Jungle_Pack/FoliageType/FT_Tree_Medium_02.uasset" 811
"../../../../../UE4/UE4 Training/BloomeeProjectsDSI2/Content/SamalIsland/Tropical_Jungle_Pack/Textures/Impostor/T_Tree_Tropic_03_Impostor_BaseColor.uasset" 812
"../../../../../UE4/UE4 Training/BloomeeProjectsDSI2/Content/SamalIsland/Tropical_Jungle_Pack/Textures/Impostor/T_Tree_Tropic_03_Impostor_Normal.uasset" 813
"../../../../../UE4/UE4 Training/BloomeeProjectsDSI2/Content/SamalIsland/Tropical_Jungle_Pack/Materials/Instances/Impostor/MI_Tree_Tropic_03_Impostor.uasset" 814
"../../../../../UE4/UE4 Training/BloomeeProjectsDSI2/Content/SamalIsland/Tropical_Jungle_Pack/Materials/Instances/Trees/MI_Tree_Tropic_01_TR.uasset" 815
"../../../../../UE4/UE4 Training/BloomeeProjectsDSI2/Content/SamalIsland/Tropical_Jungle_Pack/Textures/Trees/T_Tree_Tropic_01_FO_D.uasset" 816
"../../../../../UE4/UE4 Training/BloomeeProjectsDSI2/Content/SamalIsland/Tropical_Jungle_Pack/Textures/Trees/T_Tree_Tropic_01_FO_N.uasset" 817
"../../../../../UE4/UE4 Training/BloomeeProjectsDSI2/Content/SamalIsland/Tropical_Jungle_Pack/Textures/Trees/T_Tree_Tropic_01_FO_S.uasset" 818
"../../../../../UE4/UE4 Training/BloomeeProjectsDSI2/Content/SamalIsland/Tropical_Jungle_Pack/Materials/Instances/Trees/MI_Tree_Tropic_FO.uasset" 819
"../../../../../UE4/UE4 Training/BloomeeProjectsDSI2/Content/SamalIsland/Tropical_Jungle_Pack/Textures/Trees/T_Vines_01_D.uasset" 820
"../../../../../UE4/UE4 Training/BloomeeProjectsDSI2/Content/SamalIsland/Tropical_Jungle_Pack/Textures/Trees/T_Vines_01_N.uasset" 821
"../../../../../UE4/UE4 Training/BloomeeProjectsDSI2/Content/SamalIsland/Tropical_Jungle_Pack/Textures/Trees/T_Vines_01_S.uasset" 822
"../../../../../UE4/UE4 Training/BloomeeProjectsDSI2/Content/SamalIsland/Tropical_Jungle_Pack/Materials/Instances/Trees/MI_Vines_01.uasset" 823
"../../../../../UE4/UE4 Training/BloomeeProjectsDSI2/Content/SamalIsland/Tropical_Jungle_Pack/Meshes/Trees/SM_Tree_Tropic_03.uasset" 824
"../../../../../UE4/UE4 Training/BloomeeProjectsDSI2/Content/SamalIsland/Tropical_Jungle_Pack/FoliageType/FT_Tree_Tropic_03.uasset" 825
"../../../../../UE4/UE4 Training/BloomeeProjectsDSI2/Content/SamalIsland/Maps/MainLevelSI_BuiltData.uasset" 826
"../../../../../UE4/UE4 Training/BloomeeProjectsDSI2/Content/SamalIsland/Brushify/DistanceMeshes/Generic_Erosion_03/Textures/T_Normal_N.uasset" 827
"../../../../../UE4/UE4 Training/BloomeeProjectsDSI2/Content/SamalIsland/Textures/T_MacroVariation.uasset" 828
"../../../../../UE4/UE4 Training/BloomeeProjectsDSI2/Content/SamalIsland/Brushify/DistanceMeshes/Generic_Erosion_03/M_Mountains.uasset" 829
"../../../../../UE4/UE4 Training/BloomeeProjectsDSI2/Content/SamalIsland/Brushify/DistanceMeshes/Generic_Erosion_03/MI_Mountains1.uasset" 830
"../../../../../UE4/UE4 Training/BloomeeProjectsDSI2/Content/SamalIsland/Brushify/DistanceMeshes/Generic_Erosion_02/Textures/T_Normal_N.uasset" 831
"../../../../../UE4/UE4 Training/BloomeeProjectsDSI2/Content/SamalIsland/Brushify/DistanceMeshes/Generic_Erosion_03/MI_Mountains2.uasset" 832
"../../../../../UE4/UE4 Training/BloomeeProjectsDSI2/Content/SamalIsland/Megascans/Surfaces/Thai_Rippled_Sand_2x2_M_00/td1hcimn_2K_Normal.uasset" 833
"../../../../../UE4/UE4 Training/BloomeeProjectsDSI2/Content/SamalIsland/Megascans/Surfaces/Thai_Rippled_Sand_2x2_M_00/td1hcimn_2K_Roughness.uasset" 834
"../../../../../UE4/UE4 Training/BloomeeProjectsDSI2/Content/SamalIsland/Megascans/Surfaces/Thai_Rippled_Sand_2x2_M_00/M_SandLS.uasset" 835
"../../../../../UE4/UE4 Training/BloomeeProjectsDSI2/Content/SamalIsland/Megascans/Surfaces/Thai_Rippled_Sand_2x2_M_00/MI_SandLS.uasset" 836
"../../../Engine/Content/EngineResources/DefaultTextureCube.uasset" 837
"../../../Engine/Content/Functions/Engine_MaterialFunctions01/Vectors/MF_RotateVector_90.uasset" 838
"../../../../../UE4/UE4 Training/BloomeeProjectsDSI2/Content/CherryBlossoms/ZenGarden/Assets/Textures/T_Zen_Bird_D.uasset" 839
"../../../../../UE4/UE4 Training/BloomeeProjectsDSI2/Content/CherryBlossoms/ZenGarden/Assets/Textures/T_Zen_Bird_N.uasset" 840
"../../../../../UE4/UE4 Training/BloomeeProjectsDSI2/Content/CherryBlossoms/ZenGarden/Assets/Materials/M_Zen_Bird.uasset" 841
"../../../../../UE4/UE4 Training/BloomeeProjectsDSI2/Content/CherryBlossoms/ZenGarden/Assets/Materials/M_Zen_Bird_Inst.uasset" 842
"../../../../../UE4/UE4 Training/BloomeeProjectsDSI2/Content/CherryBlossoms/ZenGarden/Effects/Meshes/Bird/SM_Zen_Bird.uasset" 843
"../../../../../UE4/UE4 Training/BloomeeProjectsDSI2/Content/CherryBlossoms/Blueprints/Particles/Birds/BirdFlock_Orbit.uasset" 844
"../../../../../UE4/UE4 Training/BloomeeProjectsDSI2/Content/SamalIsland/Ambient/Tropical_Ambience.uasset" 845
"../../../../../UE4/UE4 Training/BloomeeProjectsDSI2/Content/SamalIsland/Ambient/SC_TropicalAmbience.uasset" 846
"../../../../../UE4/UE4 Training/BloomeeProjectsDSI2/Content/SamalIsland/Ambient/Tropical_BGM.uasset" 847
"../../../../../UE4/UE4 Training/BloomeeProjectsDSI2/Content/SamalIsland/Brushify/DistanceMeshes/Arctic_01/S_Arctic_01.uasset" 848
"../../../../../UE4/UE4 Training/BloomeeProjectsDSI2/Content/SamalIsland/Brushify/Materials/Landscape/Textures/Grass/T_Grass_D.uasset" 849
"../../../../../UE4/UE4 Training/BloomeeProjectsDSI2/Content/SamalIsland/Brushify/Materials/Landscape/Textures/T_Default_N.uasset" 850
"../../../../../UE4/UE4 Training/BloomeeProjectsDSI2/Content/SamalIsland/Brushify/Materials/M_DistanceMesh.uasset" 851
"../../../../../UE4/UE4 Training/BloomeeProjectsDSI2/Content/SamalIsland/Brushify/DistanceMeshes/Generic_Erosion_02/MI_Generic_Erosion_02_Grasslands.uasset" 852
"../../../../../UE4/UE4 Training/BloomeeProjectsDSI2/Content/SamalIsland/Brushify/DistanceMeshes/Generic_Erosion_02/S_Generic_Erosion_02.uasset" 853
"../../../../../UE4/UE4 Training/BloomeeProjectsDSI2/Content/SamalIsland/Brushify/DistanceMeshes/Generic_Erosion_03/MI_Generic_Erosion_03_Grasslands.uasset" 854
"../../../../../UE4/UE4 Training/BloomeeProjectsDSI2/Content/SamalIsland/Brushify/DistanceMeshes/Generic_Erosion_03/S_Generic_Erosion_03.uasset" 855
"../../../../../UE4/UE4 Training/BloomeeProjectsDSI2/Content/SamalIsland/Datasmith/SamalIsland/Geometries/Boat.uasset" 856
"../../../../../UE4/UE4 Training/BloomeeProjectsDSI2/Content/SamalIsland/Datasmith/SamalIsland/Geometries/Boat1.uasset" 857
"../../../../../UE4/UE4 Training/BloomeeProjectsDSI2/Content/SamalIsland/Textures/HDRI/spiaggia_di_mondello_2k.uasset" 858
"../../../../../UE4/UE4 Training/BloomeeProjectsDSI2/Content/SamalIsland/TropicalOceanTool/Textures/T_Sky_HDRI_3.uasset" 859
"../../../../../UE4/UE4 Training/BloomeeProjectsDSI2/Content/SamalIsland/Maps/MainLevelSI.umap" 860
